#
# There is insufficient memory for the Java Runtime Environment to continue.
# Native memory allocation (malloc) failed to allocate 2149504 bytes for Chunk::new
# Possible reasons:
#   The system is out of physical RAM or swap space
#   The process is running with CompressedOops enabled, and the Java Heap may be blocking the growth of the native heap
# Possible solutions:
#   Reduce memory load on the system
#   Increase physical memory or swap space
#   Check if swap backing store is full
#   Decrease Java heap size (-Xmx/-Xms)
#   Decrease number of Java threads
#   Decrease Java thread stack sizes (-Xss)
#   Set larger code cache with -XX:ReservedCodeCacheSize=
#   JVM is running with Unscaled Compressed Oops mode in which the Java heap is
#     placed in the first 4GB address space. The Java Heap base address is the
#     maximum limit for the native heap growth. Please use -XX:HeapBaseMinAddress
#     to set the Java Heap base and to place the Java Heap above 4GB virtual address.
# This output file may be truncated or incomplete.
#
#  Out of Memory Error (arena.cpp:189), pid=14532, tid=12540
#
# JRE version: OpenJDK Runtime Environment JBR-17.0.7+10-829.16-jcef (17.0.7+10) (build 17.0.7+10-b829.16)
# Java VM: OpenJDK 64-Bit Server VM JBR-17.0.7+10-829.16-jcef (17.0.7+10-b829.16, mixed mode, tiered, compressed oops, compressed class ptrs, g1 gc, windows-amd64)
# No core dump will be written. Minidumps are not enabled by default on client versions of Windows
#

---------------  S U M M A R Y ------------

Command Line: -Djava.rmi.server.hostname=127.0.0.1 -Duser.timezone=UTC -Xmx750m -Xms128m --add-exports=java.desktop/sun.awt=ALL-UNNAMED --add-exports=java.desktop/java.awt.peer=ALL-UNNAMED --add-opens=java.desktop/java.awt=ALL-UNNAMED --add-opens=jdk.unsupported/sun.misc=ALL-UNNAMED --add-opens=java.base/java.nio=ALL-UNNAMED --add-opens=java.base/java.util=ALL-UNNAMED -Dfile.encoding=UTF-8 com.intellij.database.remote.RemoteJdbcServer com.dbschema.MongoJdbcDriver

Host: 11th Gen Intel(R) Core(TM) i3-1115G4 @ 3.00GHz, 4 cores, 7G,  Windows 11 , 64 bit Build 22621 (10.0.22621.2215)
Time: Thu Oct 19 01:13:07 2023 Sri Lanka Standard Time elapsed time: 2.248878 seconds (0d 0h 0m 2s)

---------------  T H R E A D  ---------------

Current thread (0x000001ab3f013a40):  JavaThread "C2 CompilerThread0" daemon [_thread_in_native, id=12540, stack(0x0000004391600000,0x0000004391700000)]


Current CompileTask:
C2:   2248 2077   !   4       jdk.internal.loader.BuiltinClassLoader::loadClassOrNull (143 bytes)

Stack: [0x0000004391600000,0x0000004391700000]
Native frames: (J=compiled Java code, j=interpreted, Vv=VM code, C=native code)
V  [jvm.dll+0x683cca]
V  [jvm.dll+0x8424b4]
V  [jvm.dll+0x843cae]
V  [jvm.dll+0x844313]
V  [jvm.dll+0x24ad2f]
V  [jvm.dll+0xac25c]
V  [jvm.dll+0xac82c]
V  [jvm.dll+0x36a187]
V  [jvm.dll+0x1be138]
V  [jvm.dll+0x21d3a9]
V  [jvm.dll+0x21c671]
V  [jvm.dll+0x1a605d]
V  [jvm.dll+0x22c148]
V  [jvm.dll+0x22a209]
V  [jvm.dll+0x7f863c]
V  [jvm.dll+0x7f2b9a]
V  [jvm.dll+0x682b05]
C  [ucrtbase.dll+0x29363]
C  [KERNEL32.DLL+0x1257d]
C  [ntdll.dll+0x5aa68]


---------------  P R O C E S S  ---------------

Threads class SMR info:
_java_thread_list=0x000001ab3fb50460, length=30, elements={
0x000001ab242dec40, 0x000001ab3aacc030, 0x000001ab3aad0b00, 0x000001ab3aab7420,
0x000001ab3aab7ce0, 0x000001ab3f00c480, 0x000001ab3f00d4e0, 0x000001ab3f013a40,
0x000001ab3f015370, 0x000001ab3ab09770, 0x000001ab3f163920, 0x000001ab3f162580,
0x000001ab3f59b2f0, 0x000001ab3f4b04d0, 0x000001ab3f8f2900, 0x000001ab3f974870,
0x000001ab3f974d40, 0x000001ab3f73cd40, 0x000001ab3f974380, 0x000001ab3f96cdb0,
0x000001ab400b9870, 0x000001ab242c8000, 0x000001ab242c8e70, 0x000001ab242ca680,
0x000001ab242cab50, 0x000001ab242cb4f0, 0x000001ab242c9340, 0x000001ab242cb020,
0x000001ab242c84d0, 0x000001ab242c7b30
}

Java Threads: ( => current thread )
  0x000001ab242dec40 JavaThread "main" [_thread_blocked, id=9916, stack(0x0000004390900000,0x0000004390a00000)]
  0x000001ab3aacc030 JavaThread "Reference Handler" daemon [_thread_blocked, id=10776, stack(0x0000004391000000,0x0000004391100000)]
  0x000001ab3aad0b00 JavaThread "Finalizer" daemon [_thread_blocked, id=8140, stack(0x0000004391100000,0x0000004391200000)]
  0x000001ab3aab7420 JavaThread "Signal Dispatcher" daemon [_thread_blocked, id=10592, stack(0x0000004391200000,0x0000004391300000)]
  0x000001ab3aab7ce0 JavaThread "Attach Listener" daemon [_thread_blocked, id=10012, stack(0x0000004391300000,0x0000004391400000)]
  0x000001ab3f00c480 JavaThread "Service Thread" daemon [_thread_blocked, id=7848, stack(0x0000004391400000,0x0000004391500000)]
  0x000001ab3f00d4e0 JavaThread "Monitor Deflation Thread" daemon [_thread_blocked, id=16496, stack(0x0000004391500000,0x0000004391600000)]
=>0x000001ab3f013a40 JavaThread "C2 CompilerThread0" daemon [_thread_in_native, id=12540, stack(0x0000004391600000,0x0000004391700000)]
  0x000001ab3f015370 JavaThread "C1 CompilerThread0" daemon [_thread_blocked, id=14324, stack(0x0000004391700000,0x0000004391800000)]
  0x000001ab3ab09770 JavaThread "Sweeper thread" daemon [_thread_blocked, id=11180, stack(0x0000004391800000,0x0000004391900000)]
  0x000001ab3f163920 JavaThread "Common-Cleaner" daemon [_thread_blocked, id=9848, stack(0x0000004391900000,0x0000004391a00000)]
  0x000001ab3f162580 JavaThread "Notification Thread" daemon [_thread_blocked, id=18904, stack(0x0000004391a00000,0x0000004391b00000)]
  0x000001ab3f59b2f0 JavaThread "MongoShell ExecutorService" daemon [_thread_in_vm, id=16644, stack(0x0000004391f00000,0x0000004392000000)]
  0x000001ab3f4b04d0 JavaThread "MongoShell ExecutorService" daemon [_thread_blocked, id=16648, stack(0x0000004392000000,0x0000004392100000)]
  0x000001ab3f8f2900 JavaThread "RMI TCP Accept-16608" daemon [_thread_in_native, id=9428, stack(0x0000004392100000,0x0000004392200000)]
  0x000001ab3f974870 JavaThread "RMI TCP Accept-0" daemon [_thread_in_native, id=2396, stack(0x0000004392200000,0x0000004392300000)]
  0x000001ab3f974d40 JavaThread "RMI Reaper" [_thread_blocked, id=17816, stack(0x0000004392300000,0x0000004392400000)]
  0x000001ab3f73cd40 JavaThread "RMI GC Daemon" daemon [_thread_blocked, id=12956, stack(0x0000004392400000,0x0000004392500000)]
  0x000001ab3f974380 JavaThread "RMI TCP Connection(1)-127.0.0.1" daemon [_thread_in_native, id=13268, stack(0x0000004392500000,0x0000004392600000)]
  0x000001ab3f96cdb0 JavaThread "RMI TCP Connection(2)-127.0.0.1" daemon [_thread_in_native, id=1564, stack(0x0000004392600000,0x0000004392700000)]
  0x000001ab400b9870 JavaThread "C2 CompilerThread1" daemon [_thread_blocked, id=20696, stack(0x0000004392700000,0x0000004392800000)]
  0x000001ab242c8000 JavaThread "RMI Scheduler(0)" daemon [_thread_blocked, id=17352, stack(0x0000004392800000,0x0000004392900000)]
  0x000001ab242c8e70 JavaThread "RMI TCP Connection(3)-127.0.0.1" daemon [_thread_in_native, id=6532, stack(0x0000004392900000,0x0000004392a00000)]
  0x000001ab242ca680 JavaThread "RMI TCP Connection(4)-127.0.0.1" daemon [_thread_blocked, id=12416, stack(0x0000004392a00000,0x0000004392b00000)]
  0x000001ab242cab50 JavaThread "RMI RenewClean-[127.0.0.1:50272]" daemon [_thread_blocked, id=8824, stack(0x0000004392b00000,0x0000004392c00000)]
  0x000001ab242cb4f0 JavaThread "MongoShell ExecutorService" daemon [_thread_blocked, id=10040, stack(0x0000004392c00000,0x0000004392d00000)]
  0x000001ab242c9340 JavaThread "BufferPoolPruner-1-thread-1" daemon [_thread_blocked, id=1476, stack(0x0000004392d00000,0x0000004392e00000)]
  0x000001ab242cb020 JavaThread "cluster-ClusterId{value='6530354ac2d0c52c78aa17b2', description='DataGrip'}-localhost:27017" daemon [_thread_in_native, id=9244, stack(0x0000004392e00000,0x0000004392f00000)]
  0x000001ab242c84d0 JavaThread "cluster-rtt-ClusterId{value='6530354ac2d0c52c78aa17b2', description='DataGrip'}-localhost:27017" daemon [_thread_blocked, id=15040, stack(0x0000004392f00000,0x0000004393000000)]
  0x000001ab242c7b30 JavaThread "MaintenanceTimer-2-thread-1" daemon [_thread_blocked, id=18908, stack(0x0000004393100000,0x0000004393200000)]

Other Threads:
  0x000001ab3aaa9bc0 VMThread "VM Thread" [stack: 0x0000004390f00000,0x0000004391000000] [id=12456]
  0x000001ab3f164200 WatcherThread [stack: 0x0000004391b00000,0x0000004391c00000] [id=11780]
  0x000001ab24313da0 GCTaskThread "GC Thread#0" [stack: 0x0000004390a00000,0x0000004390b00000] [id=16352]
  0x000001ab3f580da0 GCTaskThread "GC Thread#1" [stack: 0x0000004391c00000,0x0000004391d00000] [id=3848]
  0x000001ab3f581050 GCTaskThread "GC Thread#2" [stack: 0x0000004391d00000,0x0000004391e00000] [id=6816]
  0x000001ab3f560070 GCTaskThread "GC Thread#3" [stack: 0x0000004391e00000,0x0000004391f00000] [id=17680]
  0x000001ab2431a9b0 ConcurrentGCThread "G1 Main Marker" [stack: 0x0000004390b00000,0x0000004390c00000] [id=17788]
  0x000001ab2431b2d0 ConcurrentGCThread "G1 Conc#0" [stack: 0x0000004390c00000,0x0000004390d00000] [id=10464]
  0x000001ab24391120 ConcurrentGCThread "G1 Refine#0" [stack: 0x0000004390d00000,0x0000004390e00000] [id=8820]
  0x000001ab24391a50 ConcurrentGCThread "G1 Service" [stack: 0x0000004390e00000,0x0000004390f00000] [id=720]

Threads with active compile tasks:
C2 CompilerThread0     2261 2077   !   4       jdk.internal.loader.BuiltinClassLoader::loadClassOrNull (143 bytes)

VM state: not at safepoint (normal execution)

VM Mutex/Monitor currently owned by a thread: None

Heap address: 0x00000000d1200000, size: 750 MB, Compressed Oops mode: 32-bit

CDS archive(s) not mapped
Compressed class space mapped at: 0x0000000100000000-0x0000000140000000, reserved size: 1073741824
Narrow klass base: 0x0000000000000000, Narrow klass shift: 3, Narrow klass range: 0x140000000

GC Precious Log:
 CPUs: 4 total, 4 available
 Memory: 7926M
 Large Page Support: Disabled
 NUMA Support: Disabled
 Compressed Oops: Enabled (32-bit)
 Heap Region Size: 1M
 Heap Min Capacity: 128M
 Heap Initial Capacity: 128M
 Heap Max Capacity: 750M
 Pre-touch: Disabled
 Parallel Workers: 4
 Concurrent Workers: 1
 Concurrent Refinement Workers: 4
 Periodic GC: Disabled

Heap:
 garbage-first heap   total 131072K, used 51305K [0x00000000d1200000, 0x0000000100000000)
  region size 1024K, 48 young (49152K), 3 survivors (3072K)
 Metaspace       used 34432K, committed 34752K, reserved 1114112K
  class space    used 3831K, committed 4032K, reserved 1048576K

Heap Regions: E=young(eden), S=young(survivor), O=old, HS=humongous(starts), HC=humongous(continues), CS=collection set, F=free, OA=open archive, CA=closed archive, TAMS=top-at-mark-start (previous, next)
|   0|0x00000000d1200000, 0x00000000d1300000, 0x00000000d1300000|100%|HS|  |TAMS 0x00000000d1300000, 0x00000000d1200000| Complete 
|   1|0x00000000d1300000, 0x00000000d1400000, 0x00000000d1400000|100%|HC|  |TAMS 0x00000000d1400000, 0x00000000d1300000| Complete 
|   2|0x00000000d1400000, 0x00000000d1500000, 0x00000000d1500000|100%| O|  |TAMS 0x00000000d1500000, 0x00000000d1400000| Untracked 
|   3|0x00000000d1500000, 0x00000000d1600000, 0x00000000d1600000|100%| O|  |TAMS 0x00000000d1600000, 0x00000000d1500000| Untracked 
|   4|0x00000000d1600000, 0x00000000d16d7600, 0x00000000d1700000| 84%| O|  |TAMS 0x00000000d16d7600, 0x00000000d1600000| Untracked 
|   5|0x00000000d1700000, 0x00000000d1700000, 0x00000000d1800000|  0%| F|  |TAMS 0x00000000d1700000, 0x00000000d1700000| Untracked 
|   6|0x00000000d1800000, 0x00000000d1800000, 0x00000000d1900000|  0%| F|  |TAMS 0x00000000d1800000, 0x00000000d1800000| Untracked 
|   7|0x00000000d1900000, 0x00000000d1900000, 0x00000000d1a00000|  0%| F|  |TAMS 0x00000000d1900000, 0x00000000d1900000| Untracked 
|   8|0x00000000d1a00000, 0x00000000d1a00000, 0x00000000d1b00000|  0%| F|  |TAMS 0x00000000d1a00000, 0x00000000d1a00000| Untracked 
|   9|0x00000000d1b00000, 0x00000000d1b00000, 0x00000000d1c00000|  0%| F|  |TAMS 0x00000000d1b00000, 0x00000000d1b00000| Untracked 
|  10|0x00000000d1c00000, 0x00000000d1c00000, 0x00000000d1d00000|  0%| F|  |TAMS 0x00000000d1c00000, 0x00000000d1c00000| Untracked 
|  11|0x00000000d1d00000, 0x00000000d1d00000, 0x00000000d1e00000|  0%| F|  |TAMS 0x00000000d1d00000, 0x00000000d1d00000| Untracked 
|  12|0x00000000d1e00000, 0x00000000d1e00000, 0x00000000d1f00000|  0%| F|  |TAMS 0x00000000d1e00000, 0x00000000d1e00000| Untracked 
|  13|0x00000000d1f00000, 0x00000000d1f00000, 0x00000000d2000000|  0%| F|  |TAMS 0x00000000d1f00000, 0x00000000d1f00000| Untracked 
|  14|0x00000000d2000000, 0x00000000d2000000, 0x00000000d2100000|  0%| F|  |TAMS 0x00000000d2000000, 0x00000000d2000000| Untracked 
|  15|0x00000000d2100000, 0x00000000d2100000, 0x00000000d2200000|  0%| F|  |TAMS 0x00000000d2100000, 0x00000000d2100000| Untracked 
|  16|0x00000000d2200000, 0x00000000d2200000, 0x00000000d2300000|  0%| F|  |TAMS 0x00000000d2200000, 0x00000000d2200000| Untracked 
|  17|0x00000000d2300000, 0x00000000d2300000, 0x00000000d2400000|  0%| F|  |TAMS 0x00000000d2300000, 0x00000000d2300000| Untracked 
|  18|0x00000000d2400000, 0x00000000d2400000, 0x00000000d2500000|  0%| F|  |TAMS 0x00000000d2400000, 0x00000000d2400000| Untracked 
|  19|0x00000000d2500000, 0x00000000d2500000, 0x00000000d2600000|  0%| F|  |TAMS 0x00000000d2500000, 0x00000000d2500000| Untracked 
|  20|0x00000000d2600000, 0x00000000d2600000, 0x00000000d2700000|  0%| F|  |TAMS 0x00000000d2600000, 0x00000000d2600000| Untracked 
|  21|0x00000000d2700000, 0x00000000d2700000, 0x00000000d2800000|  0%| F|  |TAMS 0x00000000d2700000, 0x00000000d2700000| Untracked 
|  22|0x00000000d2800000, 0x00000000d2800000, 0x00000000d2900000|  0%| F|  |TAMS 0x00000000d2800000, 0x00000000d2800000| Untracked 
|  23|0x00000000d2900000, 0x00000000d2900000, 0x00000000d2a00000|  0%| F|  |TAMS 0x00000000d2900000, 0x00000000d2900000| Untracked 
|  24|0x00000000d2a00000, 0x00000000d2a00000, 0x00000000d2b00000|  0%| F|  |TAMS 0x00000000d2a00000, 0x00000000d2a00000| Untracked 
|  25|0x00000000d2b00000, 0x00000000d2b00000, 0x00000000d2c00000|  0%| F|  |TAMS 0x00000000d2b00000, 0x00000000d2b00000| Untracked 
|  26|0x00000000d2c00000, 0x00000000d2c00000, 0x00000000d2d00000|  0%| F|  |TAMS 0x00000000d2c00000, 0x00000000d2c00000| Untracked 
|  27|0x00000000d2d00000, 0x00000000d2d00000, 0x00000000d2e00000|  0%| F|  |TAMS 0x00000000d2d00000, 0x00000000d2d00000| Untracked 
|  28|0x00000000d2e00000, 0x00000000d2e00000, 0x00000000d2f00000|  0%| F|  |TAMS 0x00000000d2e00000, 0x00000000d2e00000| Untracked 
|  29|0x00000000d2f00000, 0x00000000d2f00000, 0x00000000d3000000|  0%| F|  |TAMS 0x00000000d2f00000, 0x00000000d2f00000| Untracked 
|  30|0x00000000d3000000, 0x00000000d3000000, 0x00000000d3100000|  0%| F|  |TAMS 0x00000000d3000000, 0x00000000d3000000| Untracked 
|  31|0x00000000d3100000, 0x00000000d3100000, 0x00000000d3200000|  0%| F|  |TAMS 0x00000000d3100000, 0x00000000d3100000| Untracked 
|  32|0x00000000d3200000, 0x00000000d3200000, 0x00000000d3300000|  0%| F|  |TAMS 0x00000000d3200000, 0x00000000d3200000| Untracked 
|  33|0x00000000d3300000, 0x00000000d3300000, 0x00000000d3400000|  0%| F|  |TAMS 0x00000000d3300000, 0x00000000d3300000| Untracked 
|  34|0x00000000d3400000, 0x00000000d3400000, 0x00000000d3500000|  0%| F|  |TAMS 0x00000000d3400000, 0x00000000d3400000| Untracked 
|  35|0x00000000d3500000, 0x00000000d3500000, 0x00000000d3600000|  0%| F|  |TAMS 0x00000000d3500000, 0x00000000d3500000| Untracked 
|  36|0x00000000d3600000, 0x00000000d3600000, 0x00000000d3700000|  0%| F|  |TAMS 0x00000000d3600000, 0x00000000d3600000| Untracked 
|  37|0x00000000d3700000, 0x00000000d3700000, 0x00000000d3800000|  0%| F|  |TAMS 0x00000000d3700000, 0x00000000d3700000| Untracked 
|  38|0x00000000d3800000, 0x00000000d3800000, 0x00000000d3900000|  0%| F|  |TAMS 0x00000000d3800000, 0x00000000d3800000| Untracked 
|  39|0x00000000d3900000, 0x00000000d3900000, 0x00000000d3a00000|  0%| F|  |TAMS 0x00000000d3900000, 0x00000000d3900000| Untracked 
|  40|0x00000000d3a00000, 0x00000000d3a00000, 0x00000000d3b00000|  0%| F|  |TAMS 0x00000000d3a00000, 0x00000000d3a00000| Untracked 
|  41|0x00000000d3b00000, 0x00000000d3b00000, 0x00000000d3c00000|  0%| F|  |TAMS 0x00000000d3b00000, 0x00000000d3b00000| Untracked 
|  42|0x00000000d3c00000, 0x00000000d3c00000, 0x00000000d3d00000|  0%| F|  |TAMS 0x00000000d3c00000, 0x00000000d3c00000| Untracked 
|  43|0x00000000d3d00000, 0x00000000d3d00000, 0x00000000d3e00000|  0%| F|  |TAMS 0x00000000d3d00000, 0x00000000d3d00000| Untracked 
|  44|0x00000000d3e00000, 0x00000000d3e00000, 0x00000000d3f00000|  0%| F|  |TAMS 0x00000000d3e00000, 0x00000000d3e00000| Untracked 
|  45|0x00000000d3f00000, 0x00000000d3f00000, 0x00000000d4000000|  0%| F|  |TAMS 0x00000000d3f00000, 0x00000000d3f00000| Untracked 
|  46|0x00000000d4000000, 0x00000000d4000000, 0x00000000d4100000|  0%| F|  |TAMS 0x00000000d4000000, 0x00000000d4000000| Untracked 
|  47|0x00000000d4100000, 0x00000000d4100000, 0x00000000d4200000|  0%| F|  |TAMS 0x00000000d4100000, 0x00000000d4100000| Untracked 
|  48|0x00000000d4200000, 0x00000000d4200000, 0x00000000d4300000|  0%| F|  |TAMS 0x00000000d4200000, 0x00000000d4200000| Untracked 
|  49|0x00000000d4300000, 0x00000000d4300000, 0x00000000d4400000|  0%| F|  |TAMS 0x00000000d4300000, 0x00000000d4300000| Untracked 
|  50|0x00000000d4400000, 0x00000000d4400000, 0x00000000d4500000|  0%| F|  |TAMS 0x00000000d4400000, 0x00000000d4400000| Untracked 
|  51|0x00000000d4500000, 0x00000000d4500000, 0x00000000d4600000|  0%| F|  |TAMS 0x00000000d4500000, 0x00000000d4500000| Untracked 
|  52|0x00000000d4600000, 0x00000000d4600000, 0x00000000d4700000|  0%| F|  |TAMS 0x00000000d4600000, 0x00000000d4600000| Untracked 
|  53|0x00000000d4700000, 0x00000000d4700000, 0x00000000d4800000|  0%| F|  |TAMS 0x00000000d4700000, 0x00000000d4700000| Untracked 
|  54|0x00000000d4800000, 0x00000000d4800000, 0x00000000d4900000|  0%| F|  |TAMS 0x00000000d4800000, 0x00000000d4800000| Untracked 
|  55|0x00000000d4900000, 0x00000000d4900000, 0x00000000d4a00000|  0%| F|  |TAMS 0x00000000d4900000, 0x00000000d4900000| Untracked 
|  56|0x00000000d4a00000, 0x00000000d4a00000, 0x00000000d4b00000|  0%| F|  |TAMS 0x00000000d4a00000, 0x00000000d4a00000| Untracked 
|  57|0x00000000d4b00000, 0x00000000d4b00000, 0x00000000d4c00000|  0%| F|  |TAMS 0x00000000d4b00000, 0x00000000d4b00000| Untracked 
|  58|0x00000000d4c00000, 0x00000000d4c00000, 0x00000000d4d00000|  0%| F|  |TAMS 0x00000000d4c00000, 0x00000000d4c00000| Untracked 
|  59|0x00000000d4d00000, 0x00000000d4d00000, 0x00000000d4e00000|  0%| F|  |TAMS 0x00000000d4d00000, 0x00000000d4d00000| Untracked 
|  60|0x00000000d4e00000, 0x00000000d4e00000, 0x00000000d4f00000|  0%| F|  |TAMS 0x00000000d4e00000, 0x00000000d4e00000| Untracked 
|  61|0x00000000d4f00000, 0x00000000d4f00000, 0x00000000d5000000|  0%| F|  |TAMS 0x00000000d4f00000, 0x00000000d4f00000| Untracked 
|  62|0x00000000d5000000, 0x00000000d5000000, 0x00000000d5100000|  0%| F|  |TAMS 0x00000000d5000000, 0x00000000d5000000| Untracked 
|  63|0x00000000d5100000, 0x00000000d5100000, 0x00000000d5200000|  0%| F|  |TAMS 0x00000000d5100000, 0x00000000d5100000| Untracked 
|  64|0x00000000d5200000, 0x00000000d5200000, 0x00000000d5300000|  0%| F|  |TAMS 0x00000000d5200000, 0x00000000d5200000| Untracked 
|  65|0x00000000d5300000, 0x00000000d5300000, 0x00000000d5400000|  0%| F|  |TAMS 0x00000000d5300000, 0x00000000d5300000| Untracked 
|  66|0x00000000d5400000, 0x00000000d5400000, 0x00000000d5500000|  0%| F|  |TAMS 0x00000000d5400000, 0x00000000d5400000| Untracked 
|  67|0x00000000d5500000, 0x00000000d5500000, 0x00000000d5600000|  0%| F|  |TAMS 0x00000000d5500000, 0x00000000d5500000| Untracked 
|  68|0x00000000d5600000, 0x00000000d5600000, 0x00000000d5700000|  0%| F|  |TAMS 0x00000000d5600000, 0x00000000d5600000| Untracked 
|  69|0x00000000d5700000, 0x00000000d5700000, 0x00000000d5800000|  0%| F|  |TAMS 0x00000000d5700000, 0x00000000d5700000| Untracked 
|  70|0x00000000d5800000, 0x00000000d5800000, 0x00000000d5900000|  0%| F|  |TAMS 0x00000000d5800000, 0x00000000d5800000| Untracked 
|  71|0x00000000d5900000, 0x00000000d5900000, 0x00000000d5a00000|  0%| F|  |TAMS 0x00000000d5900000, 0x00000000d5900000| Untracked 
|  72|0x00000000d5a00000, 0x00000000d5a00000, 0x00000000d5b00000|  0%| F|  |TAMS 0x00000000d5a00000, 0x00000000d5a00000| Untracked 
|  73|0x00000000d5b00000, 0x00000000d5b00000, 0x00000000d5c00000|  0%| F|  |TAMS 0x00000000d5b00000, 0x00000000d5b00000| Untracked 
|  74|0x00000000d5c00000, 0x00000000d5c00000, 0x00000000d5d00000|  0%| F|  |TAMS 0x00000000d5c00000, 0x00000000d5c00000| Untracked 
|  75|0x00000000d5d00000, 0x00000000d5d00000, 0x00000000d5e00000|  0%| F|  |TAMS 0x00000000d5d00000, 0x00000000d5d00000| Untracked 
|  76|0x00000000d5e00000, 0x00000000d5e00000, 0x00000000d5f00000|  0%| F|  |TAMS 0x00000000d5e00000, 0x00000000d5e00000| Untracked 
|  77|0x00000000d5f00000, 0x00000000d5f00000, 0x00000000d6000000|  0%| F|  |TAMS 0x00000000d5f00000, 0x00000000d5f00000| Untracked 
|  78|0x00000000d6000000, 0x00000000d6000000, 0x00000000d6100000|  0%| F|  |TAMS 0x00000000d6000000, 0x00000000d6000000| Untracked 
|  79|0x00000000d6100000, 0x00000000d6100000, 0x00000000d6200000|  0%| F|  |TAMS 0x00000000d6100000, 0x00000000d6100000| Untracked 
|  80|0x00000000d6200000, 0x00000000d6240140, 0x00000000d6300000| 25%| E|  |TAMS 0x00000000d6200000, 0x00000000d6200000| Complete 
|  81|0x00000000d6300000, 0x00000000d6400000, 0x00000000d6400000|100%| E|CS|TAMS 0x00000000d6300000, 0x00000000d6300000| Complete 
|  82|0x00000000d6400000, 0x00000000d6500000, 0x00000000d6500000|100%| E|CS|TAMS 0x00000000d6400000, 0x00000000d6400000| Complete 
|  83|0x00000000d6500000, 0x00000000d6600000, 0x00000000d6600000|100%| E|CS|TAMS 0x00000000d6500000, 0x00000000d6500000| Complete 
|  84|0x00000000d6600000, 0x00000000d6700000, 0x00000000d6700000|100%| E|CS|TAMS 0x00000000d6600000, 0x00000000d6600000| Complete 
|  85|0x00000000d6700000, 0x00000000d6800000, 0x00000000d6800000|100%| E|CS|TAMS 0x00000000d6700000, 0x00000000d6700000| Complete 
|  86|0x00000000d6800000, 0x00000000d6900000, 0x00000000d6900000|100%| E|CS|TAMS 0x00000000d6800000, 0x00000000d6800000| Complete 
|  87|0x00000000d6900000, 0x00000000d6a00000, 0x00000000d6a00000|100%| E|CS|TAMS 0x00000000d6900000, 0x00000000d6900000| Complete 
|  88|0x00000000d6a00000, 0x00000000d6b00000, 0x00000000d6b00000|100%| E|CS|TAMS 0x00000000d6a00000, 0x00000000d6a00000| Complete 
|  89|0x00000000d6b00000, 0x00000000d6c00000, 0x00000000d6c00000|100%| E|CS|TAMS 0x00000000d6b00000, 0x00000000d6b00000| Complete 
|  90|0x00000000d6c00000, 0x00000000d6d00000, 0x00000000d6d00000|100%| E|CS|TAMS 0x00000000d6c00000, 0x00000000d6c00000| Complete 
|  91|0x00000000d6d00000, 0x00000000d6e00000, 0x00000000d6e00000|100%| E|CS|TAMS 0x00000000d6d00000, 0x00000000d6d00000| Complete 
|  92|0x00000000d6e00000, 0x00000000d6f00000, 0x00000000d6f00000|100%| E|CS|TAMS 0x00000000d6e00000, 0x00000000d6e00000| Complete 
|  93|0x00000000d6f00000, 0x00000000d7000000, 0x00000000d7000000|100%| E|CS|TAMS 0x00000000d6f00000, 0x00000000d6f00000| Complete 
|  94|0x00000000d7000000, 0x00000000d7100000, 0x00000000d7100000|100%| E|CS|TAMS 0x00000000d7000000, 0x00000000d7000000| Complete 
|  95|0x00000000d7100000, 0x00000000d7200000, 0x00000000d7200000|100%| E|  |TAMS 0x00000000d7100000, 0x00000000d7100000| Complete 
|  96|0x00000000d7200000, 0x00000000d7300000, 0x00000000d7300000|100%| E|CS|TAMS 0x00000000d7200000, 0x00000000d7200000| Complete 
|  97|0x00000000d7300000, 0x00000000d7400000, 0x00000000d7400000|100%| E|CS|TAMS 0x00000000d7300000, 0x00000000d7300000| Complete 
|  98|0x00000000d7400000, 0x00000000d7500000, 0x00000000d7500000|100%| E|CS|TAMS 0x00000000d7400000, 0x00000000d7400000| Complete 
|  99|0x00000000d7500000, 0x00000000d7600000, 0x00000000d7600000|100%| E|CS|TAMS 0x00000000d7500000, 0x00000000d7500000| Complete 
| 100|0x00000000d7600000, 0x00000000d7700000, 0x00000000d7700000|100%| E|CS|TAMS 0x00000000d7600000, 0x00000000d7600000| Complete 
| 101|0x00000000d7700000, 0x00000000d7800000, 0x00000000d7800000|100%| E|CS|TAMS 0x00000000d7700000, 0x00000000d7700000| Complete 
| 102|0x00000000d7800000, 0x00000000d7900000, 0x00000000d7900000|100%| E|CS|TAMS 0x00000000d7800000, 0x00000000d7800000| Complete 
| 103|0x00000000d7900000, 0x00000000d7a00000, 0x00000000d7a00000|100%| E|CS|TAMS 0x00000000d7900000, 0x00000000d7900000| Complete 
| 104|0x00000000d7a00000, 0x00000000d7b00000, 0x00000000d7b00000|100%| E|CS|TAMS 0x00000000d7a00000, 0x00000000d7a00000| Complete 
| 105|0x00000000d7b00000, 0x00000000d7c00000, 0x00000000d7c00000|100%| E|CS|TAMS 0x00000000d7b00000, 0x00000000d7b00000| Complete 
| 106|0x00000000d7c00000, 0x00000000d7d00000, 0x00000000d7d00000|100%| E|CS|TAMS 0x00000000d7c00000, 0x00000000d7c00000| Complete 
| 107|0x00000000d7d00000, 0x00000000d7e00000, 0x00000000d7e00000|100%| E|CS|TAMS 0x00000000d7d00000, 0x00000000d7d00000| Complete 
| 108|0x00000000d7e00000, 0x00000000d7f00000, 0x00000000d7f00000|100%| E|CS|TAMS 0x00000000d7e00000, 0x00000000d7e00000| Complete 
| 109|0x00000000d7f00000, 0x00000000d8000000, 0x00000000d8000000|100%| E|CS|TAMS 0x00000000d7f00000, 0x00000000d7f00000| Complete 
| 110|0x00000000d8000000, 0x00000000d8100000, 0x00000000d8100000|100%| E|CS|TAMS 0x00000000d8000000, 0x00000000d8000000| Complete 
| 111|0x00000000d8100000, 0x00000000d8200000, 0x00000000d8200000|100%| E|CS|TAMS 0x00000000d8100000, 0x00000000d8100000| Complete 
| 112|0x00000000d8200000, 0x00000000d8300000, 0x00000000d8300000|100%| E|CS|TAMS 0x00000000d8200000, 0x00000000d8200000| Complete 
| 113|0x00000000d8300000, 0x00000000d8400000, 0x00000000d8400000|100%| E|CS|TAMS 0x00000000d8300000, 0x00000000d8300000| Complete 
| 114|0x00000000d8400000, 0x00000000d8500000, 0x00000000d8500000|100%| E|CS|TAMS 0x00000000d8400000, 0x00000000d8400000| Complete 
| 115|0x00000000d8500000, 0x00000000d8600000, 0x00000000d8600000|100%| E|CS|TAMS 0x00000000d8500000, 0x00000000d8500000| Complete 
| 116|0x00000000d8600000, 0x00000000d8700000, 0x00000000d8700000|100%| E|CS|TAMS 0x00000000d8600000, 0x00000000d8600000| Complete 
| 117|0x00000000d8700000, 0x00000000d8800000, 0x00000000d8800000|100%| E|CS|TAMS 0x00000000d8700000, 0x00000000d8700000| Complete 
| 118|0x00000000d8800000, 0x00000000d8900000, 0x00000000d8900000|100%| E|CS|TAMS 0x00000000d8800000, 0x00000000d8800000| Complete 
| 119|0x00000000d8900000, 0x00000000d8943020, 0x00000000d8a00000| 26%| S|CS|TAMS 0x00000000d8900000, 0x00000000d8900000| Complete 
| 120|0x00000000d8a00000, 0x00000000d8b00000, 0x00000000d8b00000|100%| S|CS|TAMS 0x00000000d8a00000, 0x00000000d8a00000| Complete 
| 121|0x00000000d8b00000, 0x00000000d8c00000, 0x00000000d8c00000|100%| S|CS|TAMS 0x00000000d8b00000, 0x00000000d8b00000| Complete 
| 122|0x00000000d8c00000, 0x00000000d8d00000, 0x00000000d8d00000|100%| E|CS|TAMS 0x00000000d8c00000, 0x00000000d8c00000| Complete 
| 123|0x00000000d8d00000, 0x00000000d8e00000, 0x00000000d8e00000|100%| E|CS|TAMS 0x00000000d8d00000, 0x00000000d8d00000| Complete 
| 124|0x00000000d8e00000, 0x00000000d8f00000, 0x00000000d8f00000|100%| E|CS|TAMS 0x00000000d8e00000, 0x00000000d8e00000| Complete 
| 125|0x00000000d8f00000, 0x00000000d9000000, 0x00000000d9000000|100%| E|CS|TAMS 0x00000000d8f00000, 0x00000000d8f00000| Complete 
| 126|0x00000000d9000000, 0x00000000d9100000, 0x00000000d9100000|100%| E|CS|TAMS 0x00000000d9000000, 0x00000000d9000000| Complete 
| 127|0x00000000d9100000, 0x00000000d9200000, 0x00000000d9200000|100%| E|CS|TAMS 0x00000000d9100000, 0x00000000d9100000| Complete 

Card table byte_map: [0x000001ab36a50000,0x000001ab36bd0000] _byte_map_base: 0x000001ab363c7000

Marking Bits (Prev, Next): (CMBitMap*) 0x000001ab24314300, (CMBitMap*) 0x000001ab243142c0
 Prev Bits: [0x000001ab37910000, 0x000001ab384c8000)
 Next Bits: [0x000001ab36d50000, 0x000001ab37908000)

Polling page: 0x000001ab22200000

Metaspace:

Usage:
  Non-class:     29.91 MB used.
      Class:      3.75 MB used.
       Both:     33.66 MB used.

Virtual space:
  Non-class space:       64.00 MB reserved,      30.00 MB ( 47%) committed,  1 nodes.
      Class space:        1.00 GB reserved,       3.94 MB ( <1%) committed,  1 nodes.
             Both:        1.06 GB reserved,      33.94 MB (  3%) committed. 

Chunk freelists:
   Non-Class:  1.62 MB
       Class:  12.05 MB
        Both:  13.67 MB

MaxMetaspaceSize: unlimited
CompressedClassSpaceSize: 1.00 GB
Initial GC threshold: 21.00 MB
Current GC threshold: 35.12 MB
CDS: off
MetaspaceReclaimPolicy: balanced
 - commit_granule_bytes: 65536.
 - commit_granule_words: 8192.
 - virtual_space_node_default_size: 8388608.
 - enlarge_chunks_in_place: 1.
 - new_chunks_are_fully_committed: 0.
 - uncommit_free_chunks: 1.
 - use_allocation_guard: 0.
 - handle_deallocations: 1.


Internal statistics:

num_allocs_failed_limit: 3.
num_arena_births: 294.
num_arena_deaths: 0.
num_vsnodes_births: 2.
num_vsnodes_deaths: 0.
num_space_committed: 543.
num_space_uncommitted: 0.
num_chunks_returned_to_freelist: 3.
num_chunks_taken_from_freelist: 1187.
num_chunk_merges: 3.
num_chunk_splits: 831.
num_chunks_enlarged: 640.
num_inconsistent_stats: 0.

CodeHeap 'non-profiled nmethods': size=120000Kb used=781Kb max_used=781Kb free=119218Kb
 bounds [0x000001ab2f520000, 0x000001ab2f790000, 0x000001ab36a50000]
CodeHeap 'profiled nmethods': size=120000Kb used=3932Kb max_used=3932Kb free=116067Kb
 bounds [0x000001ab27a50000, 0x000001ab27e30000, 0x000001ab2ef80000]
CodeHeap 'non-nmethods': size=5760Kb used=1352Kb max_used=1368Kb free=4407Kb
 bounds [0x000001ab2ef80000, 0x000001ab2f1f0000, 0x000001ab2f520000]
 total_blobs=2930 nmethods=2255 adapters=587
 compilation: enabled
              stopped_count=0, restarted_count=0
 full_count=0

Compilation events (20 events):
Event: 2.223 Thread 0x000001ab3f015370 2247       3       java.lang.invoke.AbstractValidatingLambdaMetafactory::checkDescriptor (133 bytes)
Event: 2.225 Thread 0x000001ab3f015370 nmethod 2247 0x000001ab27e1cf10 code [0x000001ab27e1d340, 0x000001ab27e1f698]
Event: 2.225 Thread 0x000001ab3f015370 2249       3       java.lang.invoke.InnerClassLambdaMetafactory::generateConstructor (154 bytes)
Event: 2.226 Thread 0x000001ab3f015370 nmethod 2249 0x000001ab27e20210 code [0x000001ab27e204e0, 0x000001ab27e21448]
Event: 2.226 Thread 0x000001ab3f015370 2248   !   3       java.lang.invoke.InnerClassLambdaMetafactory::buildCallSite (201 bytes)
Event: 2.228 Thread 0x000001ab3f015370 nmethod 2248 0x000001ab27e21990 code [0x000001ab27e21e80, 0x000001ab27e24358]
Event: 2.228 Thread 0x000001ab3f015370 2250       3       java.lang.invoke.LambdaMetafactory::metafactory (71 bytes)
Event: 2.228 Thread 0x000001ab3f015370 nmethod 2250 0x000001ab27e25310 code [0x000001ab27e255a0, 0x000001ab27e260a8]
Event: 2.228 Thread 0x000001ab3f015370 2251       3       java.lang.invoke.MethodHandles$Lookup$ClassFile::<init> (20 bytes)
Event: 2.229 Thread 0x000001ab3f015370 nmethod 2251 0x000001ab27e26590 code [0x000001ab27e26740, 0x000001ab27e26978]
Event: 2.229 Thread 0x000001ab3f015370 2252       3       java.lang.invoke.MethodHandles$Lookup$ClassDefiner::<init> (58 bytes)
Event: 2.229 Thread 0x000001ab3f015370 nmethod 2252 0x000001ab27e26a10 code [0x000001ab27e26bc0, 0x000001ab27e26e58]
Event: 2.229 Thread 0x000001ab400b9870 2253       4       java.lang.Class::getPackageName (81 bytes)
Event: 2.239 Thread 0x000001ab3f015370 2254       3       com.oracle.js.parser.ir.FunctionNode::getFlag (15 bytes)
Event: 2.239 Thread 0x000001ab3f015370 nmethod 2254 0x000001ab27e26f90 code [0x000001ab27e27120, 0x000001ab27e27298]
Event: 2.239 Thread 0x000001ab400b9870 nmethod 2253 0x000001ab2f5e2090 code [0x000001ab2f5e2260, 0x000001ab2f5e2ad0]
Event: 2.241 Thread 0x000001ab3f015370 2255       1       com.oracle.truffle.js.runtime.JSContext::getContextOptions (5 bytes)
Event: 2.241 Thread 0x000001ab3f015370 nmethod 2255 0x000001ab2f5e2f90 code [0x000001ab2f5e3120, 0x000001ab2f5e31f8]
Event: 2.241 Thread 0x000001ab3f015370 2256       1       com.oracle.truffle.js.parser.env.Environment::function (5 bytes)
Event: 2.242 Thread 0x000001ab3f015370 nmethod 2256 0x000001ab2f5e3290 code [0x000001ab2f5e3420, 0x000001ab2f5e34f8]

GC Heap History (6 events):
Event: 0.639 GC heap before
{Heap before GC invocations=0 (full 0):
 garbage-first heap   total 131072K, used 14336K [0x00000000d1200000, 0x0000000100000000)
  region size 1024K, 13 young (13312K), 0 survivors (0K)
 Metaspace       used 11446K, committed 11584K, reserved 1114112K
  class space    used 1021K, committed 1088K, reserved 1048576K
}
Event: 0.644 GC heap after
{Heap after GC invocations=1 (full 0):
 garbage-first heap   total 131072K, used 4982K [0x00000000d1200000, 0x0000000100000000)
  region size 1024K, 2 young (2048K), 2 survivors (2048K)
 Metaspace       used 11446K, committed 11584K, reserved 1114112K
  class space    used 1021K, committed 1088K, reserved 1048576K
}
Event: 1.146 GC heap before
{Heap before GC invocations=1 (full 0):
 garbage-first heap   total 131072K, used 20342K [0x00000000d1200000, 0x0000000100000000)
  region size 1024K, 18 young (18432K), 2 survivors (2048K)
 Metaspace       used 19205K, committed 19456K, reserved 1114112K
  class space    used 1824K, committed 1920K, reserved 1048576K
}
Event: 1.149 GC heap after
{Heap after GC invocations=2 (full 0):
 garbage-first heap   total 131072K, used 6618K [0x00000000d1200000, 0x0000000100000000)
  region size 1024K, 2 young (2048K), 2 survivors (2048K)
 Metaspace       used 19205K, committed 19456K, reserved 1114112K
  class space    used 1824K, committed 1920K, reserved 1048576K
}
Event: 1.284 GC heap before
{Heap before GC invocations=2 (full 0):
 garbage-first heap   total 131072K, used 10714K [0x00000000d1200000, 0x0000000100000000)
  region size 1024K, 8 young (8192K), 2 survivors (2048K)
 Metaspace       used 21259K, committed 21504K, reserved 1114112K
  class space    used 2076K, committed 2176K, reserved 1048576K
}
Event: 1.287 GC heap after
{Heap after GC invocations=3 (full 0):
 garbage-first heap   total 131072K, used 7273K [0x00000000d1200000, 0x0000000100000000)
  region size 1024K, 3 young (3072K), 3 survivors (3072K)
 Metaspace       used 21259K, committed 21504K, reserved 1114112K
  class space    used 2076K, committed 2176K, reserved 1048576K
}

Dll operation events (1 events):
Event: 0.008 Loaded shared library C:\Program Files\JetBrains\IntelliJ IDEA 2023.1.5\jbr\bin\java.dll

Deoptimization events (20 events):
Event: 1.621 Thread 0x000001ab242ca680 DEOPT UNPACKING pc=0x000001ab2efda1a3 sp=0x0000004392afcf58 mode 2
Event: 1.621 Thread 0x000001ab3f59b2f0 Uncommon trap: reason=class_check action=maybe_recompile pc=0x000001ab2f5a9f2c method=jdk.internal.misc.Unsafe.allocateUninitializedArray(Ljava/lang/Class;I)Ljava/lang/Object; @ 51 c2
Event: 1.621 Thread 0x000001ab3f59b2f0 DEOPT PACKING pc=0x000001ab2f5a9f2c sp=0x0000004391ff84c0
Event: 1.621 Thread 0x000001ab3f59b2f0 DEOPT UNPACKING pc=0x000001ab2efda1a3 sp=0x0000004391ff8448 mode 2
Event: 1.621 Thread 0x000001ab3f59b2f0 Uncommon trap: trap_request=0xffffffde fr.pc=0x000001ab2f5a9f2c relative=0x000000000000010c
Event: 1.621 Thread 0x000001ab3f59b2f0 Uncommon trap: reason=class_check action=maybe_recompile pc=0x000001ab2f5a9f2c method=jdk.internal.misc.Unsafe.allocateUninitializedArray(Ljava/lang/Class;I)Ljava/lang/Object; @ 51 c2
Event: 1.621 Thread 0x000001ab3f59b2f0 DEOPT PACKING pc=0x000001ab2f5a9f2c sp=0x0000004391ff80c0
Event: 1.621 Thread 0x000001ab3f59b2f0 DEOPT UNPACKING pc=0x000001ab2efda1a3 sp=0x0000004391ff8048 mode 2
Event: 1.622 Thread 0x000001ab3f59b2f0 Uncommon trap: trap_request=0xffffffde fr.pc=0x000001ab2f5a9f2c relative=0x000000000000010c
Event: 1.622 Thread 0x000001ab3f59b2f0 Uncommon trap: reason=class_check action=maybe_recompile pc=0x000001ab2f5a9f2c method=jdk.internal.misc.Unsafe.allocateUninitializedArray(Ljava/lang/Class;I)Ljava/lang/Object; @ 51 c2
Event: 1.622 Thread 0x000001ab3f59b2f0 DEOPT PACKING pc=0x000001ab2f5a9f2c sp=0x0000004391ff6b20
Event: 1.622 Thread 0x000001ab3f59b2f0 DEOPT UNPACKING pc=0x000001ab2efda1a3 sp=0x0000004391ff6aa8 mode 2
Event: 1.765 Thread 0x000001ab242cb4f0 Uncommon trap: trap_request=0xffffff45 fr.pc=0x000001ab2f5a23f8 relative=0x0000000000000258
Event: 1.765 Thread 0x000001ab242cb4f0 Uncommon trap: reason=unstable_if action=reinterpret pc=0x000001ab2f5a23f8 method=java.util.concurrent.ConcurrentHashMap.get(Ljava/lang/Object;)Ljava/lang/Object; @ 86 c2
Event: 1.765 Thread 0x000001ab242cb4f0 DEOPT PACKING pc=0x000001ab2f5a23f8 sp=0x0000004392cfe220
Event: 1.765 Thread 0x000001ab242cb4f0 DEOPT UNPACKING pc=0x000001ab2efda1a3 sp=0x0000004392cfe198 mode 2
Event: 2.045 Thread 0x000001ab242cb4f0 Uncommon trap: trap_request=0xffffffde fr.pc=0x000001ab2f5d2104 relative=0x00000000000002c4
Event: 2.046 Thread 0x000001ab242cb4f0 Uncommon trap: reason=class_check action=maybe_recompile pc=0x000001ab2f5d2104 method=java.util.concurrent.ConcurrentHashMap.get(Ljava/lang/Object;)Ljava/lang/Object; @ 93 c2
Event: 2.046 Thread 0x000001ab242cb4f0 DEOPT PACKING pc=0x000001ab2f5d2104 sp=0x0000004392cfe9a0
Event: 2.046 Thread 0x000001ab242cb4f0 DEOPT UNPACKING pc=0x000001ab2efda1a3 sp=0x0000004392cfe918 mode 2

Classes unloaded (0 events):
No events

Classes redefined (0 events):
No events

Internal exceptions (20 events):
Event: 1.408 Thread 0x000001ab242ca680 Exception <a 'java/lang/ClassNotFoundException'{0x00000000d8dace48}: sun/util/logging/resources/spi/loggingProvider> (0x00000000d8dace48) 
thrown [s\src\hotspot\share\classfile\systemDictionary.cpp, line 256]
Event: 1.414 Thread 0x000001ab3f59b2f0 Exception <a 'java/lang/NoSuchMethodError'{0x00000000d8855418}: 'java.lang.Object java.lang.invoke.DirectMethodHandle$Holder.invokeStaticInit(java.lang.Object, java.lang.Object, java.lang.Object)'> (0x00000000d8855418) 
thrown [s\src\hotspot\share\interpreter\linkResolver.cpp, line 771]
Event: 1.482 Thread 0x000001ab242ca680 Exception <a 'java/lang/NoSuchMethodError'{0x00000000d84f31e0}: 'void java.lang.invoke.DirectMethodHandle$Holder.invokeStatic(java.lang.Object, int, java.lang.Object)'> (0x00000000d84f31e0) 
thrown [s\src\hotspot\share\interpreter\linkResolver.cpp, line 771]
Event: 1.589 Thread 0x000001ab242ca680 Exception <a 'java/lang/NoSuchMethodError'{0x00000000d7e6cba8}: 'java.lang.Object java.lang.invoke.DirectMethodHandle$Holder.invokeVirtual(java.lang.Object, java.lang.Object, java.lang.Object)'> (0x00000000d7e6cba8) 
thrown [s\src\hotspot\share\interpreter\linkResolver.cpp, line 771]
Event: 1.596 Thread 0x000001ab242ca680 Exception <a 'java/lang/NoSuchMethodError'{0x00000000d7dbe8c0}: 'long java.lang.invoke.DirectMethodHandle$Holder.invokeStatic(java.lang.Object)'> (0x00000000d7dbe8c0) 
thrown [s\src\hotspot\share\interpreter\linkResolver.cpp, line 771]
Event: 1.620 Thread 0x000001ab242ca680 Implicit null exception at 0x000001ab2f57e5f2 to 0x000001ab2f57ec60
Event: 1.640 Thread 0x000001ab242cb020 Exception <a 'java/lang/reflect/InvocationTargetException'{0x00000000d7a1ee90}> (0x00000000d7a1ee90) 
thrown [s\src\hotspot\share\runtime\reflection.cpp, line 1127]
Event: 1.640 Thread 0x000001ab242c84d0 Exception <a 'java/lang/reflect/InvocationTargetException'{0x00000000d7a4b510}> (0x00000000d7a4b510) 
thrown [s\src\hotspot\share\runtime\reflection.cpp, line 1127]
Event: 1.669 Thread 0x000001ab242cb020 Exception <a 'java/lang/NoSuchMethodError'{0x00000000d7923320}: 'void java.lang.invoke.DirectMethodHandle$Holder.invokeVirtual(java.lang.Object, java.lang.Object)'> (0x00000000d7923320) 
thrown [s\src\hotspot\share\interpreter\linkResolver.cpp, line 771]
Event: 1.682 Thread 0x000001ab242ca680 Exception <a 'java/lang/NoSuchMethodError'{0x00000000d77472c8}: 'java.lang.Object java.lang.invoke.DirectMethodHandle$Holder.invokeInterface(java.lang.Object, java.lang.Object)'> (0x00000000d77472c8) 
thrown [s\src\hotspot\share\interpreter\linkResolver.cpp, line 771]
Event: 1.685 Thread 0x000001ab242ca680 Exception <a 'java/lang/NoSuchMethodError'{0x00000000d7761858}: 'java.lang.Object java.lang.invoke.DirectMethodHandle$Holder.newInvokeSpecial(java.lang.Object, java.lang.Object, java.lang.Object, java.lang.Object, java.lang.Object, java.lang.Object, java.lang.Object, java.lang.Object)'> (0x00000000d7761858) 
thrown [s\src\hotspot\share\interpreter\linkResolver.cpp, line 771]
Event: 1.685 Thread 0x000001ab242ca680 Exception <a 'java/lang/NoSuchMethodError'{0x00000000d7766bc8}: 'java.lang.Object java.lang.invoke.DirectMethodHandle$Holder.invokeSpecial(java.lang.Object, java.lang.Object, java.lang.Object, java.lang.Object, java.lang.Object, java.lang.Object, java.lang.Object, java.lang.Object, java.lang.Object)'> (0x00000000d7766bc8) 
thrown [s\src\hotspot\share\interpreter\linkResolver.cpp, line 771]
Event: 1.685 Thread 0x000001ab242ca680 Exception <a 'java/lang/NoSuchMethodError'{0x00000000d776b850}: 'java.lang.Object java.lang.invoke.Invokers$Holder.linkToTargetMethod(java.lang.Object, java.lang.Object, java.lang.Object, java.lang.Object, java.lang.Object, java.lang.Object, java.lang.Object, java.lang.Object)'> (0x00000000d776b850) 
thrown [s\src\hotspot\share\interpreter\linkResolver.cpp, line 771]
Event: 1.691 Thread 0x000001ab242ca680 Exception <a 'java/lang/NoSuchMethodError'{0x00000000d77e63d8}: 'java.lang.Object java.lang.invoke.DirectMethodHandle$Holder.newInvokeSpecial(java.lang.Object, java.lang.Object, java.lang.Object, java.lang.Object, java.lang.Object, java.lang.Object, java.lang.Object)'> (0x00000000d77e63d8) 
thrown [s\src\hotspot\share\interpreter\linkResolver.cpp, line 771]
Event: 1.691 Thread 0x000001ab242ca680 Exception <a 'java/lang/NoSuchMethodError'{0x00000000d77eace8}: 'java.lang.Object java.lang.invoke.Invokers$Holder.linkToTargetMethod(java.lang.Object, java.lang.Object, java.lang.Object, java.lang.Object, java.lang.Object, java.lang.Object, java.lang.Object)'> (0x00000000d77eace8) 
thrown [s\src\hotspot\share\interpreter\linkResolver.cpp, line 771]
Event: 1.692 Thread 0x000001ab242ca680 Exception <a 'java/lang/NoSuchMethodError'{0x00000000d77eed68}: 'java.lang.Object java.lang.invoke.DirectMethodHandle$Holder.invokeStatic(java.lang.Object, int, java.lang.Object, java.lang.Object)'> (0x00000000d77eed68) 
thrown [s\src\hotspot\share\interpreter\linkResolver.cpp, line 771]
Event: 1.693 Thread 0x000001ab242ca680 Exception <a 'java/lang/NoSuchMethodError'{0x00000000d77f5ed0}: 'java.lang.Object java.lang.invoke.DirectMethodHandle$Holder.newInvokeSpecial(java.lang.Object, int, java.lang.Object)'> (0x00000000d77f5ed0) 
thrown [s\src\hotspot\share\interpreter\linkResolver.cpp, line 771]
Event: 1.696 Thread 0x000001ab242ca680 Exception <a 'java/lang/NoSuchMethodError'{0x00000000d7687440}: 'java.lang.Object java.lang.invoke.DirectMethodHandle$Holder.invokeInterface(java.lang.Object, java.lang.Object, java.lang.Object)'> (0x00000000d7687440) 
thrown [s\src\hotspot\share\interpreter\linkResolver.cpp, line 771]
Event: 1.706 Thread 0x000001ab242ca680 Exception <a 'java/lang/reflect/InvocationTargetException'{0x00000000d76c9640}> (0x00000000d76c9640) 
thrown [s\src\hotspot\share\runtime\reflection.cpp, line 1127]
Event: 1.737 Thread 0x000001ab242ca680 Exception <a 'java/lang/NoSuchMethodError'{0x00000000d7450a78}: 'java.lang.Object java.lang.invoke.DirectMethodHandle$Holder.newInvokeSpecial(java.lang.Object, java.lang.Object, int)'> (0x00000000d7450a78) 
thrown [s\src\hotspot\share\interpreter\linkResolver.cpp, line 771]

VM Operations (20 events):
Event: 0.992 Executing VM operation: HandshakeAllThreads
Event: 0.992 Executing VM operation: HandshakeAllThreads done
Event: 1.133 Executing VM operation: G1CollectForAllocation
Event: 1.178 Executing VM operation: G1CollectForAllocation done
Event: 1.281 Executing VM operation: CollectForMetadataAllocation
Event: 1.289 Executing VM operation: CollectForMetadataAllocation done
Event: 1.289 Executing VM operation: HandshakeAllThreads
Event: 1.289 Executing VM operation: HandshakeAllThreads done
Event: 1.292 Executing VM operation: G1Concurrent
Event: 1.295 Executing VM operation: G1Concurrent done
Event: 1.297 Executing VM operation: G1Concurrent
Event: 1.307 Executing VM operation: G1Concurrent done
Event: 1.647 Executing VM operation: HandshakeAllThreads
Event: 1.647 Executing VM operation: HandshakeAllThreads done
Event: 1.902 Executing VM operation: ICBufferFull
Event: 1.902 Executing VM operation: ICBufferFull done
Event: 1.902 Executing VM operation: ICBufferFull
Event: 1.902 Executing VM operation: ICBufferFull done
Event: 1.902 Executing VM operation: ICBufferFull
Event: 1.902 Executing VM operation: ICBufferFull done

Events (20 events):
Event: 1.735 loading class java/util/JumboEnumSet
Event: 1.735 loading class java/util/JumboEnumSet done
Event: 1.737 loading class sun/invoke/util/VerifyAccess$1
Event: 1.737 loading class sun/invoke/util/VerifyAccess$1 done
Event: 1.952 loading class java/util/MissingResourceException
Event: 1.952 loading class java/util/MissingResourceException done
Event: 1.952 loading class java/util/IllformedLocaleException
Event: 1.952 loading class java/util/IllformedLocaleException done
Event: 2.040 loading class java/util/SplittableRandom
Event: 2.040 loading class java/util/random/RandomGenerator$SplittableGenerator
Event: 2.040 loading class java/util/random/RandomGenerator$StreamableGenerator
Event: 2.040 loading class java/util/random/RandomGenerator$StreamableGenerator done
Event: 2.040 loading class java/util/random/RandomGenerator$SplittableGenerator done
Event: 2.040 loading class java/util/SplittableRandom done
Event: 2.040 loading class java/util/SplittableRandom$AbstractSplittableGeneratorProxy
Event: 2.040 loading class jdk/internal/util/random/RandomSupport$AbstractSplittableGenerator
Event: 2.041 loading class jdk/internal/util/random/RandomSupport$AbstractSpliteratorGenerator
Event: 2.041 loading class jdk/internal/util/random/RandomSupport$AbstractSpliteratorGenerator done
Event: 2.041 loading class jdk/internal/util/random/RandomSupport$AbstractSplittableGenerator done
Event: 2.041 loading class java/util/SplittableRandom$AbstractSplittableGeneratorProxy done


Dynamic libraries:
0x00007ff694f50000 - 0x00007ff694f5a000 	C:\Program Files\JetBrains\IntelliJ IDEA 2023.1.5\jbr\bin\java.exe
0x00007ffa29590000 - 0x00007ffa297a4000 	C:\WINDOWS\SYSTEM32\ntdll.dll
0x00007ffa27ce0000 - 0x00007ffa27da4000 	C:\WINDOWS\System32\KERNEL32.DLL
0x00007ffa26f70000 - 0x00007ffa27314000 	C:\WINDOWS\System32\KERNELBASE.dll
0x00007ffa26e50000 - 0x00007ffa26f61000 	C:\WINDOWS\System32\ucrtbase.dll
0x00007ffa1b590000 - 0x00007ffa1b5ab000 	C:\Program Files\JetBrains\IntelliJ IDEA 2023.1.5\jbr\bin\VCRUNTIME140.dll
0x00007ffa17eb0000 - 0x00007ffa17ec7000 	C:\Program Files\JetBrains\IntelliJ IDEA 2023.1.5\jbr\bin\jli.dll
0x00007ffa279f0000 - 0x00007ffa27b9e000 	C:\WINDOWS\System32\USER32.dll
0x00007ffa0b2e0000 - 0x00007ffa0b573000 	C:\WINDOWS\WinSxS\amd64_microsoft.windows.common-controls_6595b64144ccf1df_6.0.22621.2215_none_270d72677387dfc3\COMCTL32.dll
0x00007ffa26db0000 - 0x00007ffa26dd6000 	C:\WINDOWS\System32\win32u.dll
0x00007ffa28ef0000 - 0x00007ffa28f97000 	C:\WINDOWS\System32\msvcrt.dll
0x00007ffa27db0000 - 0x00007ffa27dd9000 	C:\WINDOWS\System32\GDI32.dll
0x00007ffa269c0000 - 0x00007ffa26ad8000 	C:\WINDOWS\System32\gdi32full.dll
0x00007ffa26ae0000 - 0x00007ffa26b7a000 	C:\WINDOWS\System32\msvcp_win.dll
0x00007ffa27320000 - 0x00007ffa27351000 	C:\WINDOWS\System32\IMM32.DLL
0x00007ffa23620000 - 0x00007ffa2362c000 	C:\Program Files\JetBrains\IntelliJ IDEA 2023.1.5\jbr\bin\vcruntime140_1.dll
0x00007ffa04c10000 - 0x00007ffa04c9d000 	C:\Program Files\JetBrains\IntelliJ IDEA 2023.1.5\jbr\bin\msvcp140.dll
0x00007ff9d5890000 - 0x00007ff9d64fe000 	C:\Program Files\JetBrains\IntelliJ IDEA 2023.1.5\jbr\bin\server\jvm.dll
0x00007ffa27360000 - 0x00007ffa27410000 	C:\WINDOWS\System32\ADVAPI32.dll
0x00007ffa29280000 - 0x00007ffa29326000 	C:\WINDOWS\System32\sechost.dll
0x00007ffa28fa0000 - 0x00007ffa290b7000 	C:\WINDOWS\System32\RPCRT4.dll
0x00007ffa23660000 - 0x00007ffa23669000 	C:\WINDOWS\SYSTEM32\WSOCK32.dll
0x00007ffa28710000 - 0x00007ffa28781000 	C:\WINDOWS\System32\WS2_32.dll
0x00007ffa1c790000 - 0x00007ffa1c7c4000 	C:\WINDOWS\SYSTEM32\WINMM.dll
0x00007ffa1e4c0000 - 0x00007ffa1e4ca000 	C:\WINDOWS\SYSTEM32\VERSION.dll
0x00007ffa25940000 - 0x00007ffa25958000 	C:\WINDOWS\SYSTEM32\kernel.appcore.dll
0x00007ffa1b640000 - 0x00007ffa1b64a000 	C:\Program Files\JetBrains\IntelliJ IDEA 2023.1.5\jbr\bin\jimage.dll
0x00007ffa24210000 - 0x00007ffa2443e000 	C:\WINDOWS\SYSTEM32\DBGHELP.DLL
0x00007ffa27410000 - 0x00007ffa2779a000 	C:\WINDOWS\System32\combase.dll
0x00007ffa29410000 - 0x00007ffa294e7000 	C:\WINDOWS\System32\OLEAUT32.dll
0x00007ffa05f90000 - 0x00007ffa05fc2000 	C:\WINDOWS\SYSTEM32\dbgcore.DLL
0x00007ffa26940000 - 0x00007ffa269ba000 	C:\WINDOWS\System32\bcryptPrimitives.dll
0x00007ffa19970000 - 0x00007ffa19995000 	C:\Program Files\JetBrains\IntelliJ IDEA 2023.1.5\jbr\bin\java.dll
0x00007ffa1b620000 - 0x00007ffa1b638000 	C:\Program Files\JetBrains\IntelliJ IDEA 2023.1.5\jbr\bin\zip.dll
0x00007ffa27de0000 - 0x00007ffa28603000 	C:\WINDOWS\System32\SHELL32.dll
0x00007ffa248d0000 - 0x00007ffa251ba000 	C:\WINDOWS\SYSTEM32\windows.storage.dll
0x00007ffa24790000 - 0x00007ffa248ce000 	C:\WINDOWS\SYSTEM32\wintypes.dll
0x00007ffa28610000 - 0x00007ffa28703000 	C:\WINDOWS\System32\SHCORE.dll
0x00007ffa29330000 - 0x00007ffa2938e000 	C:\WINDOWS\System32\shlwapi.dll
0x00007ffa26870000 - 0x00007ffa26896000 	C:\WINDOWS\SYSTEM32\profapi.dll
0x00007ffa19220000 - 0x00007ffa19239000 	C:\Program Files\JetBrains\IntelliJ IDEA 2023.1.5\jbr\bin\net.dll
0x00007ffa1ef60000 - 0x00007ffa1f097000 	C:\WINDOWS\SYSTEM32\WINHTTP.dll
0x00007ff9f7860000 - 0x00007ff9f7880000 	C:\WINDOWS\system32\PrxerDrv.dll
0x00007ffa25e10000 - 0x00007ffa25e79000 	C:\WINDOWS\system32\mswsock.dll
0x00007ffa18b50000 - 0x00007ffa18b66000 	C:\Program Files\JetBrains\IntelliJ IDEA 2023.1.5\jbr\bin\nio.dll
0x00007ffa25460000 - 0x00007ffa2548d000 	C:\WINDOWS\SYSTEM32\IPHLPAPI.DLL
0x00007ffa277e0000 - 0x00007ffa277e9000 	C:\WINDOWS\System32\NSI.dll
0x00007ffa1eca0000 - 0x00007ffa1ecb9000 	C:\WINDOWS\SYSTEM32\dhcpcsvc6.DLL
0x00007ffa1ec60000 - 0x00007ffa1ec7f000 	C:\WINDOWS\SYSTEM32\dhcpcsvc.DLL
0x00007ffa25490000 - 0x00007ffa25582000 	C:\WINDOWS\SYSTEM32\DNSAPI.dll
0x00007ffa26060000 - 0x00007ffa2607b000 	C:\WINDOWS\SYSTEM32\CRYPTSP.dll
0x00007ffa25900000 - 0x00007ffa25935000 	C:\WINDOWS\system32\rsaenh.dll
0x00007ffa25f00000 - 0x00007ffa25f2c000 	C:\WINDOWS\SYSTEM32\USERENV.dll
0x00007ffa26280000 - 0x00007ffa262a8000 	C:\WINDOWS\SYSTEM32\bcrypt.dll
0x00007ffa265f0000 - 0x00007ffa265fc000 	C:\WINDOWS\SYSTEM32\CRYPTBASE.dll
0x00007ffa0abf0000 - 0x00007ffa0abf7000 	C:\Program Files\JetBrains\IntelliJ IDEA 2023.1.5\jbr\bin\rmi.dll
0x00007ffa1a290000 - 0x00007ffa1a2ab000 	C:\WINDOWS\system32\PrxerNsp.dll
0x00007ffa1e4b0000 - 0x00007ffa1e4ba000 	C:\Windows\System32\rasadhlp.dll
0x00007ffa1ba30000 - 0x00007ffa1bab4000 	C:\WINDOWS\System32\fwpuclnt.dll

dbghelp: loaded successfully - version: 4.0.5 - missing functions: none
symbol engine: initialized successfully - sym options: 0x614 - pdb path: .;C:\Program Files\JetBrains\IntelliJ IDEA 2023.1.5\jbr\bin;C:\WINDOWS\SYSTEM32;C:\WINDOWS\WinSxS\amd64_microsoft.windows.common-controls_6595b64144ccf1df_6.0.22621.2215_none_270d72677387dfc3;C:\Program Files\JetBrains\IntelliJ IDEA 2023.1.5\jbr\bin\server

VM Arguments:
jvm_args: -Djava.rmi.server.hostname=127.0.0.1 -Duser.timezone=UTC -Xmx750m -Xms128m --add-exports=java.desktop/sun.awt=ALL-UNNAMED --add-exports=java.desktop/java.awt.peer=ALL-UNNAMED --add-opens=java.desktop/java.awt=ALL-UNNAMED --add-opens=jdk.unsupported/sun.misc=ALL-UNNAMED --add-opens=java.base/java.nio=ALL-UNNAMED --add-opens=java.base/java.util=ALL-UNNAMED -Dfile.encoding=UTF-8 
java_command: com.intellij.database.remote.RemoteJdbcServer com.dbschema.MongoJdbcDriver
java_class_path (initial): C:\Program Files\JetBrains\IntelliJ IDEA 2023.1.5\lib\util_rt.jar;C:\Program Files\JetBrains\IntelliJ IDEA 2023.1.5\lib\util-8.jar;C:\Program Files\JetBrains\IntelliJ IDEA 2023.1.5\lib\groovy.jar;C:\Program Files\JetBrains\IntelliJ IDEA 2023.1.5\plugins\DatabaseTools\lib\jdbc-console.jar;C:\Program Files\JetBrains\IntelliJ IDEA 2023.1.5\plugins\grid-core-impl\lib\jdbc-console-types.jar;C:\Program Files\JetBrains\IntelliJ IDEA 2023.1.5\lib\util.jar;C:\Users\Maleen Ashinshana\AppData\Roaming\JetBrains\IntelliJIdea2023.1\jdbc-drivers\MongoDB\1.18\mongo-jdbc-standalone-1.18.jar
Launcher Type: SUN_STANDARD

[Global flags]
     intx CICompilerCount                          = 3                                         {product} {ergonomic}
     uint ConcGCThreads                            = 1                                         {product} {ergonomic}
     uint G1ConcRefinementThreads                  = 4                                         {product} {ergonomic}
   size_t G1HeapRegionSize                         = 1048576                                   {product} {ergonomic}
    uintx GCDrainStackTargetSize                   = 64                                        {product} {ergonomic}
   size_t InitialHeapSize                          = 134217728                                 {product} {command line}
   size_t MarkStackSize                            = 4194304                                   {product} {ergonomic}
   size_t MaxHeapSize                              = 786432000                                 {product} {command line}
   size_t MaxNewSize                               = 471859200                                 {product} {ergonomic}
   size_t MinHeapDeltaBytes                        = 1048576                                   {product} {ergonomic}
   size_t MinHeapSize                              = 134217728                                 {product} {command line}
    uintx NonNMethodCodeHeapSize                   = 5832780                                {pd product} {ergonomic}
    uintx NonProfiledCodeHeapSize                  = 122912730                              {pd product} {ergonomic}
    uintx ProfiledCodeHeapSize                     = 122912730                              {pd product} {ergonomic}
    uintx ReservedCodeCacheSize                    = 251658240                              {pd product} {ergonomic}
     bool SegmentedCodeCache                       = true                                      {product} {ergonomic}
   size_t SoftMaxHeapSize                          = 786432000                              {manageable} {ergonomic}
     bool UseCompressedClassPointers               = true                           {product lp64_product} {ergonomic}
     bool UseCompressedOops                        = true                           {product lp64_product} {ergonomic}
     bool UseG1GC                                  = true                                      {product} {ergonomic}
     bool UseLargePagesIndividualAllocation        = false                                  {pd product} {ergonomic}

Logging:
Log output configuration:
 #0: stdout all=warning uptime,level,tags
 #1: stderr all=off uptime,level,tags

Environment Variables:
JAVA_HOME=C:\Program Files\Java\jdk-11.0.16
PATH=C:\Program Files\Common Files\Oracle\Java\javapath;C:\Program Files (x86)\Common Files\Oracle\Java\javapath;C:\WINDOWS\system32;C:\WINDOWS;C:\WINDOWS\System32\Wbem;C:\WINDOWS\System32\WindowsPowerShell\v1.0\;C:\WINDOWS\System32\OpenSSH\;C:\Program Files\Java\jdk1.8.0_271\bin;D:\Git\cmd;C:\Program Files\nodejs\;C:\Program Files\MySQL\MySQL Shell 8.0\bin\;C:\Users\Maleen Ashinshana\AppData\Local\Microsoft\WindowsApps;C:\Program Files\JetBrains\IntelliJ IDEA 2023.1.5\bin;;C:\Users\Maleen Ashinshana\AppData\Local\Programs\Microsoft VS Code\bin;C:\Users\Maleen Ashinshana\AppData\Roaming\npm
USERNAME=Maleen Ashinshana
OS=Windows_NT
PROCESSOR_IDENTIFIER=Intel64 Family 6 Model 140 Stepping 1, GenuineIntel
TMP=C:\Users\MALEEN~1\AppData\Local\Temp
TEMP=C:\Users\MALEEN~1\AppData\Local\Temp


JNI global refs:
JNI global refs: 16, weak refs: 0

JNI global refs memory usage: 843, weak refs: 841


---------------  S Y S T E M  ---------------

OS:
 Windows 11 , 64 bit Build 22621 (10.0.22621.2215)
OS uptime: 10 days 14:08 hours

CPU: total 4 (initial active 4) (2 cores per cpu, 2 threads per core) family 6 model 140 stepping 1 microcode 0xa4, cx8, cmov, fxsr, ht, mmx, 3dnowpref, sse, sse2, sse3, ssse3, sse4.1, sse4.2, popcnt, lzcnt, tsc, tscinvbit, avx, avx2, aes, erms, clmul, bmi1, bmi2, adx, avx512f, avx512dq, avx512cd, avx512bw, avx512vl, sha, fma, vzeroupper, avx512_vpopcntdq, avx512_vpclmulqdq, avx512_vaes, avx512_vnni, clflush, clflushopt, clwb, avx512_vbmi2, avx512_vbmi

Memory: 4k page, system-wide physical 7926M (451M free)
TotalPageFile size 20214M (AvailPageFile size 5M)
current process WorkingSet (physical memory assigned to process): 158M, peak: 159M
current process commit charge ("private bytes"): 264M, peak: 266M

vm_info: OpenJDK 64-Bit Server VM (17.0.7+10-b829.16) for windows-amd64 JRE (17.0.7+10-b829.16), built on 2023-06-02 by "builduser" with MS VC++ 16.10 / 16.11 (VS2019)

END.
