#
# There is insufficient memory for the Java Runtime Environment to continue.
# Native memory allocation (malloc) failed to allocate 32744 bytes for ChunkPool::allocate
# Possible reasons:
#   The system is out of physical RAM or swap space
#   The process is running with CompressedOops enabled, and the Java Heap may be blocking the growth of the native heap
# Possible solutions:
#   Reduce memory load on the system
#   Increase physical memory or swap space
#   Check if swap backing store is full
#   Decrease Java heap size (-Xmx/-Xms)
#   Decrease number of Java threads
#   Decrease Java thread stack sizes (-Xss)
#   Set larger code cache with -XX:ReservedCodeCacheSize=
#   JVM is running with Unscaled Compressed Oops mode in which the Java heap is
#     placed in the first 4GB address space. The Java Heap base address is the
#     maximum limit for the native heap growth. Please use -XX:HeapBaseMinAddress
#     to set the Java Heap base and to place the Java Heap above 4GB virtual address.
# This output file may be truncated or incomplete.
#
#  Out of Memory Error (arena.cpp:78), pid=17116, tid=13436
#
# JRE version: OpenJDK Runtime Environment JBR-17.0.7+10-829.16-jcef (17.0.7+10) (build 17.0.7+10-b829.16)
# Java VM: OpenJDK 64-Bit Server VM JBR-17.0.7+10-829.16-jcef (17.0.7+10-b829.16, mixed mode, tiered, compressed oops, compressed class ptrs, g1 gc, windows-amd64)
# No core dump will be written. Minidumps are not enabled by default on client versions of Windows
#

---------------  S U M M A R Y ------------

Command Line: -Djava.rmi.server.hostname=127.0.0.1 -Duser.timezone=UTC -Xmx750m -Xms128m --add-exports=java.desktop/sun.awt=ALL-UNNAMED --add-exports=java.desktop/java.awt.peer=ALL-UNNAMED --add-opens=java.desktop/java.awt=ALL-UNNAMED --add-opens=jdk.unsupported/sun.misc=ALL-UNNAMED --add-opens=java.base/java.nio=ALL-UNNAMED --add-opens=java.base/java.util=ALL-UNNAMED -Dfile.encoding=UTF-8 com.intellij.database.remote.RemoteJdbcServer com.dbschema.MongoJdbcDriver

Host: 11th Gen Intel(R) Core(TM) i3-1115G4 @ 3.00GHz, 4 cores, 7G,  Windows 11 , 64 bit Build 22621 (10.0.22621.2215)
Time: Thu Oct 19 01:14:13 2023 Sri Lanka Standard Time elapsed time: 0.695915 seconds (0d 0h 0m 0s)

---------------  T H R E A D  ---------------

Current thread (0x0000022a43014a10):  JavaThread "C1 CompilerThread0" daemon [_thread_in_native, id=13436, stack(0x00000038a6700000,0x00000038a6800000)]


Current CompileTask:
C1:    695 1113       3       sun.security.provider.ByteArrayAccess::b2iBig64 (231 bytes)

Stack: [0x00000038a6700000,0x00000038a6800000]
Native frames: (J=compiled Java code, j=interpreted, Vv=VM code, C=native code)
V  [jvm.dll+0x683cca]
V  [jvm.dll+0x8424b4]
V  [jvm.dll+0x843cae]
V  [jvm.dll+0x844313]
V  [jvm.dll+0x24ad2f]
V  [jvm.dll+0xac47c]
V  [jvm.dll+0xac82c]
V  [jvm.dll+0x11e455]
V  [jvm.dll+0x17bf7e]
V  [jvm.dll+0x17c543]
V  [jvm.dll+0x136cd3]
V  [jvm.dll+0x1365cf]
V  [jvm.dll+0x136806]
V  [jvm.dll+0x135c9a]
V  [jvm.dll+0x137961]
V  [jvm.dll+0x22c148]
V  [jvm.dll+0x22a209]
V  [jvm.dll+0x7f863c]
V  [jvm.dll+0x7f2b9a]
V  [jvm.dll+0x682b05]
C  [ucrtbase.dll+0x29363]
C  [KERNEL32.DLL+0x1257d]
C  [ntdll.dll+0x5aa68]


---------------  P R O C E S S  ---------------

Threads class SMR info:
_java_thread_list=0x0000022a43620340, length=14, elements={
0x0000022a2865e3e0, 0x0000022a3ee4b030, 0x0000022a3ee501a0, 0x0000022a3ee36020,
0x0000022a3ee368e0, 0x0000022a4300c490, 0x0000022a4300d4f0, 0x0000022a4300e600,
0x0000022a43014a10, 0x0000022a43016290, 0x0000022a4316d5e0, 0x0000022a4316dab0,
0x0000022a435a0980, 0x0000022a43627040
}

Java Threads: ( => current thread )
  0x0000022a2865e3e0 JavaThread "main" [_thread_in_vm, id=1112, stack(0x00000038a5900000,0x00000038a5a00000)]
  0x0000022a3ee4b030 JavaThread "Reference Handler" daemon [_thread_blocked, id=22328, stack(0x00000038a6000000,0x00000038a6100000)]
  0x0000022a3ee501a0 JavaThread "Finalizer" daemon [_thread_blocked, id=14884, stack(0x00000038a6100000,0x00000038a6200000)]
  0x0000022a3ee36020 JavaThread "Signal Dispatcher" daemon [_thread_blocked, id=19368, stack(0x00000038a6200000,0x00000038a6300000)]
  0x0000022a3ee368e0 JavaThread "Attach Listener" daemon [_thread_blocked, id=7040, stack(0x00000038a6300000,0x00000038a6400000)]
  0x0000022a4300c490 JavaThread "Service Thread" daemon [_thread_blocked, id=20640, stack(0x00000038a6400000,0x00000038a6500000)]
  0x0000022a4300d4f0 JavaThread "Monitor Deflation Thread" daemon [_thread_blocked, id=9560, stack(0x00000038a6500000,0x00000038a6600000)]
  0x0000022a4300e600 JavaThread "C2 CompilerThread0" daemon [_thread_in_native, id=9984, stack(0x00000038a6600000,0x00000038a6700000)]
=>0x0000022a43014a10 JavaThread "C1 CompilerThread0" daemon [_thread_in_native, id=13436, stack(0x00000038a6700000,0x00000038a6800000)]
  0x0000022a43016290 JavaThread "Sweeper thread" daemon [_thread_blocked, id=4760, stack(0x00000038a6800000,0x00000038a6900000)]
  0x0000022a4316d5e0 JavaThread "Common-Cleaner" daemon [_thread_blocked, id=13704, stack(0x00000038a6900000,0x00000038a6a00000)]
  0x0000022a4316dab0 JavaThread "Notification Thread" daemon [_thread_blocked, id=11448, stack(0x00000038a6a00000,0x00000038a6b00000)]
  0x0000022a435a0980 JavaThread "MongoShell ExecutorService" daemon [_thread_in_vm, id=19048, stack(0x00000038a6f00000,0x00000038a7000000)]
  0x0000022a43627040 JavaThread "MongoShell ExecutorService" daemon [_thread_blocked, id=2612, stack(0x00000038a7000000,0x00000038a7100000)]

Other Threads:
  0x0000022a3ee28bc0 VMThread "VM Thread" [stack: 0x00000038a5f00000,0x00000038a6000000] [id=12064]
  0x0000022a4316ff90 WatcherThread [stack: 0x00000038a6b00000,0x00000038a6c00000] [id=10628]
  0x0000022a28693530 GCTaskThread "GC Thread#0" [stack: 0x00000038a5a00000,0x00000038a5b00000] [id=20636]
  0x0000022a435fb4d0 GCTaskThread "GC Thread#1" [stack: 0x00000038a6c00000,0x00000038a6d00000] [id=20520]
  0x0000022a435ed4c0 GCTaskThread "GC Thread#2" [stack: 0x00000038a6d00000,0x00000038a6e00000] [id=18892]
  0x0000022a4362e790 GCTaskThread "GC Thread#3" [stack: 0x00000038a6e00000,0x00000038a6f00000] [id=17436]
  0x0000022a2869a140 ConcurrentGCThread "G1 Main Marker" [stack: 0x00000038a5b00000,0x00000038a5c00000] [id=6160]
  0x0000022a2869aa60 ConcurrentGCThread "G1 Conc#0" [stack: 0x00000038a5c00000,0x00000038a5d00000] [id=19852]
  0x0000022a28713800 ConcurrentGCThread "G1 Refine#0" [stack: 0x00000038a5d00000,0x00000038a5e00000] [id=20976]
  0x0000022a28715140 ConcurrentGCThread "G1 Service" [stack: 0x00000038a5e00000,0x00000038a5f00000] [id=6824]

Threads with active compile tasks:
C2 CompilerThread0      707 1094   !   4       java.util.zip.ZipFile::getEntry (59 bytes)
C1 CompilerThread0      707 1113       3       sun.security.provider.ByteArrayAccess::b2iBig64 (231 bytes)

VM state: not at safepoint (normal execution)

VM Mutex/Monitor currently owned by a thread:  ([mutex/lock_event])
[0x0000022a28657be0] Metaspace_lock - owner thread: 0x0000022a435a0980

Heap address: 0x00000000d1200000, size: 750 MB, Compressed Oops mode: 32-bit

CDS archive(s) not mapped
Compressed class space mapped at: 0x0000000100000000-0x0000000140000000, reserved size: 1073741824
Narrow klass base: 0x0000000000000000, Narrow klass shift: 3, Narrow klass range: 0x140000000

GC Precious Log:
 CPUs: 4 total, 4 available
 Memory: 7926M
 Large Page Support: Disabled
 NUMA Support: Disabled
 Compressed Oops: Enabled (32-bit)
 Heap Region Size: 1M
 Heap Min Capacity: 128M
 Heap Initial Capacity: 128M
 Heap Max Capacity: 750M
 Pre-touch: Disabled
 Parallel Workers: 4
 Concurrent Workers: 1
 Concurrent Refinement Workers: 4
 Periodic GC: Disabled

Heap:
 garbage-first heap   total 131072K, used 16278K [0x00000000d1200000, 0x0000000100000000)
  region size 1024K, 15 young (15360K), 2 survivors (2048K)
 Metaspace       used 17404K, committed 17536K, reserved 1114112K
  class space    used 1658K, committed 1728K, reserved 1048576K

Heap Regions: E=young(eden), S=young(survivor), O=old, HS=humongous(starts), HC=humongous(continues), CS=collection set, F=free, OA=open archive, CA=closed archive, TAMS=top-at-mark-start (previous, next)
|   0|0x00000000d1200000, 0x00000000d1300000, 0x00000000d1300000|100%|HS|  |TAMS 0x00000000d1200000, 0x00000000d1200000| Complete 
|   1|0x00000000d1300000, 0x00000000d1400000, 0x00000000d1400000|100%|HC|  |TAMS 0x00000000d1300000, 0x00000000d1300000| Complete 
|   2|0x00000000d1400000, 0x00000000d14e5800, 0x00000000d1500000| 89%| O|  |TAMS 0x00000000d1400000, 0x00000000d1400000| Untracked 
|   3|0x00000000d1500000, 0x00000000d1500000, 0x00000000d1600000|  0%| F|  |TAMS 0x00000000d1500000, 0x00000000d1500000| Untracked 
|   4|0x00000000d1600000, 0x00000000d1600000, 0x00000000d1700000|  0%| F|  |TAMS 0x00000000d1600000, 0x00000000d1600000| Untracked 
|   5|0x00000000d1700000, 0x00000000d1700000, 0x00000000d1800000|  0%| F|  |TAMS 0x00000000d1700000, 0x00000000d1700000| Untracked 
|   6|0x00000000d1800000, 0x00000000d1800000, 0x00000000d1900000|  0%| F|  |TAMS 0x00000000d1800000, 0x00000000d1800000| Untracked 
|   7|0x00000000d1900000, 0x00000000d1900000, 0x00000000d1a00000|  0%| F|  |TAMS 0x00000000d1900000, 0x00000000d1900000| Untracked 
|   8|0x00000000d1a00000, 0x00000000d1a00000, 0x00000000d1b00000|  0%| F|  |TAMS 0x00000000d1a00000, 0x00000000d1a00000| Untracked 
|   9|0x00000000d1b00000, 0x00000000d1b00000, 0x00000000d1c00000|  0%| F|  |TAMS 0x00000000d1b00000, 0x00000000d1b00000| Untracked 
|  10|0x00000000d1c00000, 0x00000000d1c00000, 0x00000000d1d00000|  0%| F|  |TAMS 0x00000000d1c00000, 0x00000000d1c00000| Untracked 
|  11|0x00000000d1d00000, 0x00000000d1d00000, 0x00000000d1e00000|  0%| F|  |TAMS 0x00000000d1d00000, 0x00000000d1d00000| Untracked 
|  12|0x00000000d1e00000, 0x00000000d1e00000, 0x00000000d1f00000|  0%| F|  |TAMS 0x00000000d1e00000, 0x00000000d1e00000| Untracked 
|  13|0x00000000d1f00000, 0x00000000d1f00000, 0x00000000d2000000|  0%| F|  |TAMS 0x00000000d1f00000, 0x00000000d1f00000| Untracked 
|  14|0x00000000d2000000, 0x00000000d2000000, 0x00000000d2100000|  0%| F|  |TAMS 0x00000000d2000000, 0x00000000d2000000| Untracked 
|  15|0x00000000d2100000, 0x00000000d2100000, 0x00000000d2200000|  0%| F|  |TAMS 0x00000000d2100000, 0x00000000d2100000| Untracked 
|  16|0x00000000d2200000, 0x00000000d2200000, 0x00000000d2300000|  0%| F|  |TAMS 0x00000000d2200000, 0x00000000d2200000| Untracked 
|  17|0x00000000d2300000, 0x00000000d2300000, 0x00000000d2400000|  0%| F|  |TAMS 0x00000000d2300000, 0x00000000d2300000| Untracked 
|  18|0x00000000d2400000, 0x00000000d2400000, 0x00000000d2500000|  0%| F|  |TAMS 0x00000000d2400000, 0x00000000d2400000| Untracked 
|  19|0x00000000d2500000, 0x00000000d2500000, 0x00000000d2600000|  0%| F|  |TAMS 0x00000000d2500000, 0x00000000d2500000| Untracked 
|  20|0x00000000d2600000, 0x00000000d2600000, 0x00000000d2700000|  0%| F|  |TAMS 0x00000000d2600000, 0x00000000d2600000| Untracked 
|  21|0x00000000d2700000, 0x00000000d2700000, 0x00000000d2800000|  0%| F|  |TAMS 0x00000000d2700000, 0x00000000d2700000| Untracked 
|  22|0x00000000d2800000, 0x00000000d2800000, 0x00000000d2900000|  0%| F|  |TAMS 0x00000000d2800000, 0x00000000d2800000| Untracked 
|  23|0x00000000d2900000, 0x00000000d2900000, 0x00000000d2a00000|  0%| F|  |TAMS 0x00000000d2900000, 0x00000000d2900000| Untracked 
|  24|0x00000000d2a00000, 0x00000000d2a00000, 0x00000000d2b00000|  0%| F|  |TAMS 0x00000000d2a00000, 0x00000000d2a00000| Untracked 
|  25|0x00000000d2b00000, 0x00000000d2b00000, 0x00000000d2c00000|  0%| F|  |TAMS 0x00000000d2b00000, 0x00000000d2b00000| Untracked 
|  26|0x00000000d2c00000, 0x00000000d2c00000, 0x00000000d2d00000|  0%| F|  |TAMS 0x00000000d2c00000, 0x00000000d2c00000| Untracked 
|  27|0x00000000d2d00000, 0x00000000d2d00000, 0x00000000d2e00000|  0%| F|  |TAMS 0x00000000d2d00000, 0x00000000d2d00000| Untracked 
|  28|0x00000000d2e00000, 0x00000000d2e00000, 0x00000000d2f00000|  0%| F|  |TAMS 0x00000000d2e00000, 0x00000000d2e00000| Untracked 
|  29|0x00000000d2f00000, 0x00000000d2f00000, 0x00000000d3000000|  0%| F|  |TAMS 0x00000000d2f00000, 0x00000000d2f00000| Untracked 
|  30|0x00000000d3000000, 0x00000000d3000000, 0x00000000d3100000|  0%| F|  |TAMS 0x00000000d3000000, 0x00000000d3000000| Untracked 
|  31|0x00000000d3100000, 0x00000000d3100000, 0x00000000d3200000|  0%| F|  |TAMS 0x00000000d3100000, 0x00000000d3100000| Untracked 
|  32|0x00000000d3200000, 0x00000000d3200000, 0x00000000d3300000|  0%| F|  |TAMS 0x00000000d3200000, 0x00000000d3200000| Untracked 
|  33|0x00000000d3300000, 0x00000000d3300000, 0x00000000d3400000|  0%| F|  |TAMS 0x00000000d3300000, 0x00000000d3300000| Untracked 
|  34|0x00000000d3400000, 0x00000000d3400000, 0x00000000d3500000|  0%| F|  |TAMS 0x00000000d3400000, 0x00000000d3400000| Untracked 
|  35|0x00000000d3500000, 0x00000000d3500000, 0x00000000d3600000|  0%| F|  |TAMS 0x00000000d3500000, 0x00000000d3500000| Untracked 
|  36|0x00000000d3600000, 0x00000000d3600000, 0x00000000d3700000|  0%| F|  |TAMS 0x00000000d3600000, 0x00000000d3600000| Untracked 
|  37|0x00000000d3700000, 0x00000000d3700000, 0x00000000d3800000|  0%| F|  |TAMS 0x00000000d3700000, 0x00000000d3700000| Untracked 
|  38|0x00000000d3800000, 0x00000000d3800000, 0x00000000d3900000|  0%| F|  |TAMS 0x00000000d3800000, 0x00000000d3800000| Untracked 
|  39|0x00000000d3900000, 0x00000000d3900000, 0x00000000d3a00000|  0%| F|  |TAMS 0x00000000d3900000, 0x00000000d3900000| Untracked 
|  40|0x00000000d3a00000, 0x00000000d3a00000, 0x00000000d3b00000|  0%| F|  |TAMS 0x00000000d3a00000, 0x00000000d3a00000| Untracked 
|  41|0x00000000d3b00000, 0x00000000d3b00000, 0x00000000d3c00000|  0%| F|  |TAMS 0x00000000d3b00000, 0x00000000d3b00000| Untracked 
|  42|0x00000000d3c00000, 0x00000000d3c00000, 0x00000000d3d00000|  0%| F|  |TAMS 0x00000000d3c00000, 0x00000000d3c00000| Untracked 
|  43|0x00000000d3d00000, 0x00000000d3d00000, 0x00000000d3e00000|  0%| F|  |TAMS 0x00000000d3d00000, 0x00000000d3d00000| Untracked 
|  44|0x00000000d3e00000, 0x00000000d3e00000, 0x00000000d3f00000|  0%| F|  |TAMS 0x00000000d3e00000, 0x00000000d3e00000| Untracked 
|  45|0x00000000d3f00000, 0x00000000d3f00000, 0x00000000d4000000|  0%| F|  |TAMS 0x00000000d3f00000, 0x00000000d3f00000| Untracked 
|  46|0x00000000d4000000, 0x00000000d4000000, 0x00000000d4100000|  0%| F|  |TAMS 0x00000000d4000000, 0x00000000d4000000| Untracked 
|  47|0x00000000d4100000, 0x00000000d4100000, 0x00000000d4200000|  0%| F|  |TAMS 0x00000000d4100000, 0x00000000d4100000| Untracked 
|  48|0x00000000d4200000, 0x00000000d4200000, 0x00000000d4300000|  0%| F|  |TAMS 0x00000000d4200000, 0x00000000d4200000| Untracked 
|  49|0x00000000d4300000, 0x00000000d4300000, 0x00000000d4400000|  0%| F|  |TAMS 0x00000000d4300000, 0x00000000d4300000| Untracked 
|  50|0x00000000d4400000, 0x00000000d4400000, 0x00000000d4500000|  0%| F|  |TAMS 0x00000000d4400000, 0x00000000d4400000| Untracked 
|  51|0x00000000d4500000, 0x00000000d4500000, 0x00000000d4600000|  0%| F|  |TAMS 0x00000000d4500000, 0x00000000d4500000| Untracked 
|  52|0x00000000d4600000, 0x00000000d4600000, 0x00000000d4700000|  0%| F|  |TAMS 0x00000000d4600000, 0x00000000d4600000| Untracked 
|  53|0x00000000d4700000, 0x00000000d4700000, 0x00000000d4800000|  0%| F|  |TAMS 0x00000000d4700000, 0x00000000d4700000| Untracked 
|  54|0x00000000d4800000, 0x00000000d4800000, 0x00000000d4900000|  0%| F|  |TAMS 0x00000000d4800000, 0x00000000d4800000| Untracked 
|  55|0x00000000d4900000, 0x00000000d4900000, 0x00000000d4a00000|  0%| F|  |TAMS 0x00000000d4900000, 0x00000000d4900000| Untracked 
|  56|0x00000000d4a00000, 0x00000000d4a00000, 0x00000000d4b00000|  0%| F|  |TAMS 0x00000000d4a00000, 0x00000000d4a00000| Untracked 
|  57|0x00000000d4b00000, 0x00000000d4b00000, 0x00000000d4c00000|  0%| F|  |TAMS 0x00000000d4b00000, 0x00000000d4b00000| Untracked 
|  58|0x00000000d4c00000, 0x00000000d4c00000, 0x00000000d4d00000|  0%| F|  |TAMS 0x00000000d4c00000, 0x00000000d4c00000| Untracked 
|  59|0x00000000d4d00000, 0x00000000d4d00000, 0x00000000d4e00000|  0%| F|  |TAMS 0x00000000d4d00000, 0x00000000d4d00000| Untracked 
|  60|0x00000000d4e00000, 0x00000000d4e00000, 0x00000000d4f00000|  0%| F|  |TAMS 0x00000000d4e00000, 0x00000000d4e00000| Untracked 
|  61|0x00000000d4f00000, 0x00000000d4f00000, 0x00000000d5000000|  0%| F|  |TAMS 0x00000000d4f00000, 0x00000000d4f00000| Untracked 
|  62|0x00000000d5000000, 0x00000000d5000000, 0x00000000d5100000|  0%| F|  |TAMS 0x00000000d5000000, 0x00000000d5000000| Untracked 
|  63|0x00000000d5100000, 0x00000000d5100000, 0x00000000d5200000|  0%| F|  |TAMS 0x00000000d5100000, 0x00000000d5100000| Untracked 
|  64|0x00000000d5200000, 0x00000000d5200000, 0x00000000d5300000|  0%| F|  |TAMS 0x00000000d5200000, 0x00000000d5200000| Untracked 
|  65|0x00000000d5300000, 0x00000000d5300000, 0x00000000d5400000|  0%| F|  |TAMS 0x00000000d5300000, 0x00000000d5300000| Untracked 
|  66|0x00000000d5400000, 0x00000000d5400000, 0x00000000d5500000|  0%| F|  |TAMS 0x00000000d5400000, 0x00000000d5400000| Untracked 
|  67|0x00000000d5500000, 0x00000000d5500000, 0x00000000d5600000|  0%| F|  |TAMS 0x00000000d5500000, 0x00000000d5500000| Untracked 
|  68|0x00000000d5600000, 0x00000000d5600000, 0x00000000d5700000|  0%| F|  |TAMS 0x00000000d5600000, 0x00000000d5600000| Untracked 
|  69|0x00000000d5700000, 0x00000000d5700000, 0x00000000d5800000|  0%| F|  |TAMS 0x00000000d5700000, 0x00000000d5700000| Untracked 
|  70|0x00000000d5800000, 0x00000000d5800000, 0x00000000d5900000|  0%| F|  |TAMS 0x00000000d5800000, 0x00000000d5800000| Untracked 
|  71|0x00000000d5900000, 0x00000000d5900000, 0x00000000d5a00000|  0%| F|  |TAMS 0x00000000d5900000, 0x00000000d5900000| Untracked 
|  72|0x00000000d5a00000, 0x00000000d5a00000, 0x00000000d5b00000|  0%| F|  |TAMS 0x00000000d5a00000, 0x00000000d5a00000| Untracked 
|  73|0x00000000d5b00000, 0x00000000d5b00000, 0x00000000d5c00000|  0%| F|  |TAMS 0x00000000d5b00000, 0x00000000d5b00000| Untracked 
|  74|0x00000000d5c00000, 0x00000000d5c00000, 0x00000000d5d00000|  0%| F|  |TAMS 0x00000000d5c00000, 0x00000000d5c00000| Untracked 
|  75|0x00000000d5d00000, 0x00000000d5d00000, 0x00000000d5e00000|  0%| F|  |TAMS 0x00000000d5d00000, 0x00000000d5d00000| Untracked 
|  76|0x00000000d5e00000, 0x00000000d5e00000, 0x00000000d5f00000|  0%| F|  |TAMS 0x00000000d5e00000, 0x00000000d5e00000| Untracked 
|  77|0x00000000d5f00000, 0x00000000d5f00000, 0x00000000d6000000|  0%| F|  |TAMS 0x00000000d5f00000, 0x00000000d5f00000| Untracked 
|  78|0x00000000d6000000, 0x00000000d6000000, 0x00000000d6100000|  0%| F|  |TAMS 0x00000000d6000000, 0x00000000d6000000| Untracked 
|  79|0x00000000d6100000, 0x00000000d6100000, 0x00000000d6200000|  0%| F|  |TAMS 0x00000000d6100000, 0x00000000d6100000| Untracked 
|  80|0x00000000d6200000, 0x00000000d6200000, 0x00000000d6300000|  0%| F|  |TAMS 0x00000000d6200000, 0x00000000d6200000| Untracked 
|  81|0x00000000d6300000, 0x00000000d6300000, 0x00000000d6400000|  0%| F|  |TAMS 0x00000000d6300000, 0x00000000d6300000| Untracked 
|  82|0x00000000d6400000, 0x00000000d6400000, 0x00000000d6500000|  0%| F|  |TAMS 0x00000000d6400000, 0x00000000d6400000| Untracked 
|  83|0x00000000d6500000, 0x00000000d6500000, 0x00000000d6600000|  0%| F|  |TAMS 0x00000000d6500000, 0x00000000d6500000| Untracked 
|  84|0x00000000d6600000, 0x00000000d6600000, 0x00000000d6700000|  0%| F|  |TAMS 0x00000000d6600000, 0x00000000d6600000| Untracked 
|  85|0x00000000d6700000, 0x00000000d6700000, 0x00000000d6800000|  0%| F|  |TAMS 0x00000000d6700000, 0x00000000d6700000| Untracked 
|  86|0x00000000d6800000, 0x00000000d6800000, 0x00000000d6900000|  0%| F|  |TAMS 0x00000000d6800000, 0x00000000d6800000| Untracked 
|  87|0x00000000d6900000, 0x00000000d6900000, 0x00000000d6a00000|  0%| F|  |TAMS 0x00000000d6900000, 0x00000000d6900000| Untracked 
|  88|0x00000000d6a00000, 0x00000000d6a00000, 0x00000000d6b00000|  0%| F|  |TAMS 0x00000000d6a00000, 0x00000000d6a00000| Untracked 
|  89|0x00000000d6b00000, 0x00000000d6b00000, 0x00000000d6c00000|  0%| F|  |TAMS 0x00000000d6b00000, 0x00000000d6b00000| Untracked 
|  90|0x00000000d6c00000, 0x00000000d6c00000, 0x00000000d6d00000|  0%| F|  |TAMS 0x00000000d6c00000, 0x00000000d6c00000| Untracked 
|  91|0x00000000d6d00000, 0x00000000d6d00000, 0x00000000d6e00000|  0%| F|  |TAMS 0x00000000d6d00000, 0x00000000d6d00000| Untracked 
|  92|0x00000000d6e00000, 0x00000000d6e00000, 0x00000000d6f00000|  0%| F|  |TAMS 0x00000000d6e00000, 0x00000000d6e00000| Untracked 
|  93|0x00000000d6f00000, 0x00000000d6f00000, 0x00000000d7000000|  0%| F|  |TAMS 0x00000000d6f00000, 0x00000000d6f00000| Untracked 
|  94|0x00000000d7000000, 0x00000000d7000000, 0x00000000d7100000|  0%| F|  |TAMS 0x00000000d7000000, 0x00000000d7000000| Untracked 
|  95|0x00000000d7100000, 0x00000000d7100000, 0x00000000d7200000|  0%| F|  |TAMS 0x00000000d7100000, 0x00000000d7100000| Untracked 
|  96|0x00000000d7200000, 0x00000000d7200000, 0x00000000d7300000|  0%| F|  |TAMS 0x00000000d7200000, 0x00000000d7200000| Untracked 
|  97|0x00000000d7300000, 0x00000000d7300000, 0x00000000d7400000|  0%| F|  |TAMS 0x00000000d7300000, 0x00000000d7300000| Untracked 
|  98|0x00000000d7400000, 0x00000000d7400000, 0x00000000d7500000|  0%| F|  |TAMS 0x00000000d7400000, 0x00000000d7400000| Untracked 
|  99|0x00000000d7500000, 0x00000000d7500000, 0x00000000d7600000|  0%| F|  |TAMS 0x00000000d7500000, 0x00000000d7500000| Untracked 
| 100|0x00000000d7600000, 0x00000000d7600000, 0x00000000d7700000|  0%| F|  |TAMS 0x00000000d7600000, 0x00000000d7600000| Untracked 
| 101|0x00000000d7700000, 0x00000000d7700000, 0x00000000d7800000|  0%| F|  |TAMS 0x00000000d7700000, 0x00000000d7700000| Untracked 
| 102|0x00000000d7800000, 0x00000000d7800000, 0x00000000d7900000|  0%| F|  |TAMS 0x00000000d7800000, 0x00000000d7800000| Untracked 
| 103|0x00000000d7900000, 0x00000000d7900000, 0x00000000d7a00000|  0%| F|  |TAMS 0x00000000d7900000, 0x00000000d7900000| Untracked 
| 104|0x00000000d7a00000, 0x00000000d7a00000, 0x00000000d7b00000|  0%| F|  |TAMS 0x00000000d7a00000, 0x00000000d7a00000| Untracked 
| 105|0x00000000d7b00000, 0x00000000d7b00000, 0x00000000d7c00000|  0%| F|  |TAMS 0x00000000d7b00000, 0x00000000d7b00000| Untracked 
| 106|0x00000000d7c00000, 0x00000000d7c00000, 0x00000000d7d00000|  0%| F|  |TAMS 0x00000000d7c00000, 0x00000000d7c00000| Untracked 
| 107|0x00000000d7d00000, 0x00000000d7d00000, 0x00000000d7e00000|  0%| F|  |TAMS 0x00000000d7d00000, 0x00000000d7d00000| Untracked 
| 108|0x00000000d7e00000, 0x00000000d7e00000, 0x00000000d7f00000|  0%| F|  |TAMS 0x00000000d7e00000, 0x00000000d7e00000| Untracked 
| 109|0x00000000d7f00000, 0x00000000d7f00000, 0x00000000d8000000|  0%| F|  |TAMS 0x00000000d7f00000, 0x00000000d7f00000| Untracked 
| 110|0x00000000d8000000, 0x00000000d8000000, 0x00000000d8100000|  0%| F|  |TAMS 0x00000000d8000000, 0x00000000d8000000| Untracked 
| 111|0x00000000d8100000, 0x00000000d8100000, 0x00000000d8200000|  0%| F|  |TAMS 0x00000000d8100000, 0x00000000d8100000| Untracked 
| 112|0x00000000d8200000, 0x00000000d8200000, 0x00000000d8300000|  0%| F|  |TAMS 0x00000000d8200000, 0x00000000d8200000| Untracked 
| 113|0x00000000d8300000, 0x00000000d8400000, 0x00000000d8400000|100%| S|CS|TAMS 0x00000000d8300000, 0x00000000d8300000| Complete 
| 114|0x00000000d8400000, 0x00000000d8500000, 0x00000000d8500000|100%| S|CS|TAMS 0x00000000d8400000, 0x00000000d8400000| Complete 
| 115|0x00000000d8500000, 0x00000000d8529838, 0x00000000d8600000| 16%| E|  |TAMS 0x00000000d8500000, 0x00000000d8500000| Complete 
| 116|0x00000000d8600000, 0x00000000d8700000, 0x00000000d8700000|100%| E|CS|TAMS 0x00000000d8600000, 0x00000000d8600000| Complete 
| 117|0x00000000d8700000, 0x00000000d8800000, 0x00000000d8800000|100%| E|CS|TAMS 0x00000000d8700000, 0x00000000d8700000| Complete 
| 118|0x00000000d8800000, 0x00000000d8900000, 0x00000000d8900000|100%| E|CS|TAMS 0x00000000d8800000, 0x00000000d8800000| Complete 
| 119|0x00000000d8900000, 0x00000000d8a00000, 0x00000000d8a00000|100%| E|CS|TAMS 0x00000000d8900000, 0x00000000d8900000| Complete 
| 120|0x00000000d8a00000, 0x00000000d8b00000, 0x00000000d8b00000|100%| E|CS|TAMS 0x00000000d8a00000, 0x00000000d8a00000| Complete 
| 121|0x00000000d8b00000, 0x00000000d8c00000, 0x00000000d8c00000|100%| E|CS|TAMS 0x00000000d8b00000, 0x00000000d8b00000| Complete 
| 122|0x00000000d8c00000, 0x00000000d8d00000, 0x00000000d8d00000|100%| E|CS|TAMS 0x00000000d8c00000, 0x00000000d8c00000| Complete 
| 123|0x00000000d8d00000, 0x00000000d8e00000, 0x00000000d8e00000|100%| E|CS|TAMS 0x00000000d8d00000, 0x00000000d8d00000| Complete 
| 124|0x00000000d8e00000, 0x00000000d8f00000, 0x00000000d8f00000|100%| E|CS|TAMS 0x00000000d8e00000, 0x00000000d8e00000| Complete 
| 125|0x00000000d8f00000, 0x00000000d9000000, 0x00000000d9000000|100%| E|CS|TAMS 0x00000000d8f00000, 0x00000000d8f00000| Complete 
| 126|0x00000000d9000000, 0x00000000d9100000, 0x00000000d9100000|100%| E|  |TAMS 0x00000000d9000000, 0x00000000d9000000| Complete 
| 127|0x00000000d9100000, 0x00000000d9200000, 0x00000000d9200000|100%| E|CS|TAMS 0x00000000d9100000, 0x00000000d9100000| Complete 

Card table byte_map: [0x0000022a3add0000,0x0000022a3af50000] _byte_map_base: 0x0000022a3a747000

Marking Bits (Prev, Next): (CMBitMap*) 0x0000022a28693a50, (CMBitMap*) 0x0000022a28693a90
 Prev Bits: [0x0000022a3b0d0000, 0x0000022a3bc88000)
 Next Bits: [0x0000022a3bc90000, 0x0000022a3c848000)

Polling page: 0x0000022a27e20000

Metaspace:

Usage:
  Non-class:     15.38 MB used.
      Class:      1.62 MB used.
       Both:     17.00 MB used.

Virtual space:
  Non-class space:       64.00 MB reserved,      15.44 MB ( 24%) committed,  1 nodes.
      Class space:        1.00 GB reserved,       1.69 MB ( <1%) committed,  1 nodes.
             Both:        1.06 GB reserved,      17.12 MB (  2%) committed. 

Chunk freelists:
   Non-Class:  48.00 KB
       Class:  14.12 MB
        Both:  14.17 MB

MaxMetaspaceSize: unlimited
CompressedClassSpaceSize: 1.00 GB
Initial GC threshold: 21.00 MB
Current GC threshold: 21.00 MB
CDS: off
MetaspaceReclaimPolicy: balanced
 - commit_granule_bytes: 65536.
 - commit_granule_words: 8192.
 - virtual_space_node_default_size: 8388608.
 - enlarge_chunks_in_place: 1.
 - new_chunks_are_fully_committed: 0.
 - uncommit_free_chunks: 1.
 - use_allocation_guard: 0.
 - handle_deallocations: 1.


Internal statistics:

num_allocs_failed_limit: 0.
num_arena_births: 112.
num_arena_deaths: 0.
num_vsnodes_births: 2.
num_vsnodes_deaths: 0.
num_space_committed: 274.
num_space_uncommitted: 0.
num_chunks_returned_to_freelist: 0.
num_chunks_taken_from_freelist: 409.
num_chunk_merges: 0.
num_chunk_splits: 273.
num_chunks_enlarged: 211.
num_inconsistent_stats: 0.

CodeHeap 'non-profiled nmethods': size=120000Kb used=306Kb max_used=306Kb free=119693Kb
 bounds [0x0000022a338a0000, 0x0000022a33b10000, 0x0000022a3add0000]
CodeHeap 'profiled nmethods': size=120000Kb used=1857Kb max_used=1857Kb free=118143Kb
 bounds [0x0000022a2bdd0000, 0x0000022a2c040000, 0x0000022a33300000]
CodeHeap 'non-nmethods': size=5760Kb used=1212Kb max_used=1228Kb free=4547Kb
 bounds [0x0000022a33300000, 0x0000022a33570000, 0x0000022a338a0000]
 total_blobs=1614 nmethods=1111 adapters=416
 compilation: enabled
              stopped_count=0, restarted_count=0
 full_count=0

Compilation events (20 events):
Event: 0.685 Thread 0x0000022a43014a10 nmethod 1101 0x0000022a2bf9c610 code [0x0000022a2bf9c7e0, 0x0000022a2bf9cb98]
Event: 0.685 Thread 0x0000022a43014a10 1102       3       sun.nio.fs.WindowsPath::getFileName (87 bytes)
Event: 0.685 Thread 0x0000022a43014a10 nmethod 1102 0x0000022a2bf9cc90 code [0x0000022a2bf9cf40, 0x0000022a2bf9ddc8]
Event: 0.685 Thread 0x0000022a43014a10 1104       3       sun.security.provider.SHA::implCompress (13 bytes)
Event: 0.686 Thread 0x0000022a43014a10 nmethod 1104 0x0000022a2bf9e310 code [0x0000022a2bf9e500, 0x0000022a2bf9e948]
Event: 0.686 Thread 0x0000022a43014a10 1105       3       sun.security.provider.SHA::implCompressCheck (27 bytes)
Event: 0.686 Thread 0x0000022a43014a10 nmethod 1105 0x0000022a2bf9eb10 code [0x0000022a2bf9ece0, 0x0000022a2bf9f098]
Event: 0.686 Thread 0x0000022a4300e600 nmethod 1089 0x0000022a338eaf90 code [0x0000022a338eb160, 0x0000022a338eb9d8]
Event: 0.686 Thread 0x0000022a4300e600 1094   !   4       java.util.zip.ZipFile::getEntry (59 bytes)
Event: 0.686 Thread 0x0000022a43014a10 1106       1       java.util.concurrent.atomic.AtomicLong::get (5 bytes)
Event: 0.686 Thread 0x0000022a43014a10 nmethod 1106 0x0000022a338ec190 code [0x0000022a338ec320, 0x0000022a338ec3f8]
Event: 0.689 Thread 0x0000022a43014a10 1108       3       java.util.concurrent.atomic.AtomicLong::compareAndSet (13 bytes)
Event: 0.689 Thread 0x0000022a43014a10 nmethod 1108 0x0000022a2bf9f210 code [0x0000022a2bf9f3a0, 0x0000022a2bf9f4d8]
Event: 0.689 Thread 0x0000022a43014a10 1110       3       java.util.Random::next (47 bytes)
Event: 0.689 Thread 0x0000022a43014a10 nmethod 1110 0x0000022a2bf9f590 code [0x0000022a2bf9f740, 0x0000022a2bf9f9c8]
Event: 0.689 Thread 0x0000022a43014a10 1111       3       java.util.Random::nextBoolean (14 bytes)
Event: 0.689 Thread 0x0000022a43014a10 nmethod 1111 0x0000022a2bf9fb10 code [0x0000022a2bf9fcc0, 0x0000022a2bf9fee8]
Event: 0.690 Thread 0x0000022a43014a10 1112       3       java.util.Objects::hashCode (13 bytes)
Event: 0.690 Thread 0x0000022a43014a10 nmethod 1112 0x0000022a2bf9ff90 code [0x0000022a2bfa0140, 0x0000022a2bfa0368]
Event: 0.692 Thread 0x0000022a43014a10 1113       3       sun.security.provider.ByteArrayAccess::b2iBig64 (231 bytes)

GC Heap History (2 events):
Event: 0.445 GC heap before
{Heap before GC invocations=0 (full 0):
 garbage-first heap   total 131072K, used 14336K [0x00000000d1200000, 0x0000000100000000)
  region size 1024K, 13 young (13312K), 0 survivors (0K)
 Metaspace       used 11451K, committed 11648K, reserved 1114112K
  class space    used 1021K, committed 1088K, reserved 1048576K
}
Event: 0.449 GC heap after
{Heap after GC invocations=1 (full 0):
 garbage-first heap   total 131072K, used 5014K [0x00000000d1200000, 0x0000000100000000)
  region size 1024K, 2 young (2048K), 2 survivors (2048K)
 Metaspace       used 11451K, committed 11648K, reserved 1114112K
  class space    used 1021K, committed 1088K, reserved 1048576K
}

Dll operation events (1 events):
Event: 0.017 Loaded shared library C:\Program Files\JetBrains\IntelliJ IDEA 2023.1.5\jbr\bin\java.dll

Deoptimization events (20 events):
Event: 0.643 Thread 0x0000022a43627040 DEOPT PACKING pc=0x0000022a338e5ed4 sp=0x00000038a70fbd10
Event: 0.643 Thread 0x0000022a43627040 DEOPT UNPACKING pc=0x0000022a3335a1a3 sp=0x00000038a70fbc90 mode 2
Event: 0.657 Thread 0x0000022a2865e3e0 Uncommon trap: trap_request=0xffffff45 fr.pc=0x0000022a338c6288 relative=0x0000000000000188
Event: 0.657 Thread 0x0000022a2865e3e0 Uncommon trap: reason=unstable_if action=reinterpret pc=0x0000022a338c6288 method=java.lang.String.equals(Ljava/lang/Object;)Z @ 33 c2
Event: 0.657 Thread 0x0000022a2865e3e0 DEOPT PACKING pc=0x0000022a338c6288 sp=0x00000038a59fcbc0
Event: 0.657 Thread 0x0000022a2865e3e0 DEOPT UNPACKING pc=0x0000022a3335a1a3 sp=0x00000038a59fcb60 mode 2
Event: 0.657 Thread 0x0000022a2865e3e0 Uncommon trap: trap_request=0xffffff45 fr.pc=0x0000022a338cd010 relative=0x0000000000000550
Event: 0.657 Thread 0x0000022a2865e3e0 Uncommon trap: reason=unstable_if action=reinterpret pc=0x0000022a338cd010 method=java.lang.AbstractStringBuilder.putStringAt(ILjava/lang/String;II)V @ 8 c2
Event: 0.657 Thread 0x0000022a2865e3e0 DEOPT PACKING pc=0x0000022a338cd010 sp=0x00000038a59fcb60
Event: 0.657 Thread 0x0000022a2865e3e0 DEOPT UNPACKING pc=0x0000022a3335a1a3 sp=0x00000038a59fc9e8 mode 2
Event: 0.657 Thread 0x0000022a2865e3e0 Uncommon trap: trap_request=0xffffff45 fr.pc=0x0000022a338d7e8c relative=0x00000000000004ec
Event: 0.657 Thread 0x0000022a2865e3e0 Uncommon trap: reason=unstable_if action=reinterpret pc=0x0000022a338d7e8c method=java.lang.String.substring(II)Ljava/lang/String; @ 31 c2
Event: 0.657 Thread 0x0000022a2865e3e0 DEOPT PACKING pc=0x0000022a338d7e8c sp=0x00000038a59fc9e0
Event: 0.657 Thread 0x0000022a2865e3e0 DEOPT UNPACKING pc=0x0000022a3335a1a3 sp=0x00000038a59fc9b0 mode 2
Event: 0.657 Thread 0x0000022a2865e3e0 Uncommon trap: trap_request=0xffffff45 fr.pc=0x0000022a338d1a08 relative=0x0000000000000548
Event: 0.657 Thread 0x0000022a2865e3e0 Uncommon trap: reason=unstable_if action=reinterpret pc=0x0000022a338d1a08 method=java.lang.AbstractStringBuilder.putStringAt(ILjava/lang/String;II)V @ 8 c2
Event: 0.657 Thread 0x0000022a2865e3e0 DEOPT PACKING pc=0x0000022a338d1a08 sp=0x00000038a59fcaf0
Event: 0.657 Thread 0x0000022a2865e3e0 DEOPT UNPACKING pc=0x0000022a3335a1a3 sp=0x00000038a59fc9e0 mode 2
Event: 0.667 Thread 0x0000022a2865e3e0 DEOPT PACKING pc=0x0000022a2be37cd6 sp=0x00000038a59fcc30
Event: 0.667 Thread 0x0000022a2865e3e0 DEOPT UNPACKING pc=0x0000022a3335ace3 sp=0x00000038a59fc0b8 mode 0

Classes unloaded (0 events):
No events

Classes redefined (0 events):
No events

Internal exceptions (18 events):
Event: 0.214 Thread 0x0000022a2865e3e0 Exception <a 'java/lang/NoSuchMethodError'{0x00000000d8d326b0}: 'int java.lang.invoke.DirectMethodHandle$Holder.invokeVirtual(java.lang.Object, java.lang.Object)'> (0x00000000d8d326b0) 
thrown [s\src\hotspot\share\interpreter\linkResolver.cpp, line 771]
Event: 0.218 Thread 0x0000022a2865e3e0 Exception <a 'java/lang/NoSuchMethodError'{0x00000000d8d3dd18}: 'java.lang.Object java.lang.invoke.Invokers$Holder.invokeExact_MT(java.lang.Object, java.lang.Object, java.lang.Object, java.lang.Object, java.lang.Object, java.lang.Object)'> (0x00000000d8d3dd18) 
thrown [s\src\hotspot\share\interpreter\linkResolver.cpp, line 771]
Event: 0.347 Thread 0x0000022a2865e3e0 Exception <a 'java/lang/NoSuchMethodError'{0x00000000d89dbd18}: 'java.lang.Object java.lang.invoke.DirectMethodHandle$Holder.newInvokeSpecial(java.lang.Object, java.lang.Object, java.lang.Object, java.lang.Object, java.lang.Object)'> (0x00000000d89dbd18) 
thrown [s\src\hotspot\share\interpreter\linkResolver.cpp, line 771]
Event: 0.538 Thread 0x0000022a2865e3e0 Exception <a 'java/lang/NoSuchMethodError'{0x00000000d8e57738}: 'java.lang.Object java.lang.invoke.DirectMethodHandle$Holder.invokeStatic(java.lang.Object, java.lang.Object, int)'> (0x00000000d8e57738) 
thrown [s\src\hotspot\share\interpreter\linkResolver.cpp, line 771]
Event: 0.539 Thread 0x0000022a2865e3e0 Exception <a 'java/lang/NoSuchMethodError'{0x00000000d8e633b0}: 'void java.lang.invoke.DelegatingMethodHandle$Holder.delegate(java.lang.Object, java.lang.Object, int, java.lang.Object)'> (0x00000000d8e633b0) 
thrown [s\src\hotspot\share\interpreter\linkResolver.cpp, line 771]
Event: 0.539 Thread 0x0000022a2865e3e0 Exception <a 'java/lang/NoSuchMethodError'{0x00000000d8e674f8}: 'int java.lang.invoke.DirectMethodHandle$Holder.invokeSpecial(java.lang.Object, java.lang.Object, java.lang.Object)'> (0x00000000d8e674f8) 
thrown [s\src\hotspot\share\interpreter\linkResolver.cpp, line 771]
Event: 0.550 Thread 0x0000022a2865e3e0 Exception <a 'java/lang/NoSuchMethodError'{0x00000000d8d773c8}: 'void java.lang.invoke.DirectMethodHandle$Holder.invokeStatic(java.lang.Object, java.lang.Object, java.lang.Object)'> (0x00000000d8d773c8) 
thrown [s\src\hotspot\share\interpreter\linkResolver.cpp, line 771]
Event: 0.555 Thread 0x0000022a2865e3e0 Exception <a 'java/lang/NoSuchMethodError'{0x00000000d8d82f58}: 'java.lang.Object java.lang.invoke.Invokers$Holder.invoke_MT(java.lang.Object, java.lang.Object, java.lang.Object)'> (0x00000000d8d82f58) 
thrown [s\src\hotspot\share\interpreter\linkResolver.cpp, line 771]
Event: 0.560 Thread 0x0000022a2865e3e0 Exception <a 'java/lang/NoSuchMethodError'{0x00000000d8d93078}: 'void java.lang.invoke.DirectMethodHandle$Holder.invokeInterface(java.lang.Object, java.lang.Object, java.lang.Object)'> (0x00000000d8d93078) 
thrown [s\src\hotspot\share\interpreter\linkResolver.cpp, line 771]
Event: 0.561 Thread 0x0000022a2865e3e0 Exception <a 'java/lang/IncompatibleClassChangeError'{0x00000000d8d964d8}: Found class java.lang.Object, but interface was expected> (0x00000000d8d964d8) 
thrown [s\src\hotspot\share\interpreter\linkResolver.cpp, line 838]
Event: 0.561 Thread 0x0000022a2865e3e0 Exception <a 'java/lang/IncompatibleClassChangeError'{0x00000000d8d97a30}: Found class java.lang.Object, but interface was expected> (0x00000000d8d97a30) 
thrown [s\src\hotspot\share\interpreter\linkResolver.cpp, line 838]
Event: 0.561 Thread 0x0000022a2865e3e0 Exception <a 'java/lang/IncompatibleClassChangeError'{0x00000000d8d989e8}: Found class java.lang.Object, but interface was expected> (0x00000000d8d989e8) 
thrown [s\src\hotspot\share\interpreter\linkResolver.cpp, line 838]
Event: 0.561 Thread 0x0000022a2865e3e0 Exception <a 'java/lang/IncompatibleClassChangeError'{0x00000000d8d99ac0}: Found class java.lang.Object, but interface was expected> (0x00000000d8d99ac0) 
thrown [s\src\hotspot\share\interpreter\linkResolver.cpp, line 838]
Event: 0.561 Thread 0x0000022a2865e3e0 Exception <a 'java/lang/IncompatibleClassChangeError'{0x00000000d8d9af80}: Found class java.lang.Object, but interface was expected> (0x00000000d8d9af80) 
thrown [s\src\hotspot\share\interpreter\linkResolver.cpp, line 838]
Event: 0.562 Thread 0x0000022a2865e3e0 Exception <a 'java/lang/NoSuchMethodError'{0x00000000d8d9dc08}: 'void java.lang.invoke.DirectMethodHandle$Holder.invokeStatic(java.lang.Object, java.lang.Object)'> (0x00000000d8d9dc08) 
thrown [s\src\hotspot\share\interpreter\linkResolver.cpp, line 771]
Event: 0.587 Thread 0x0000022a2865e3e0 Exception <a 'java/lang/NoSuchMethodError'{0x00000000d8c98b38}: 'java.lang.Object java.lang.invoke.DirectMethodHandle$Holder.invokeStaticInit(java.lang.Object)'> (0x00000000d8c98b38) 
thrown [s\src\hotspot\share\interpreter\linkResolver.cpp, line 771]
Event: 0.610 Thread 0x0000022a2865e3e0 Exception <a 'java/lang/NoSuchMethodError'{0x00000000d8a61da8}: 'java.lang.Object java.lang.invoke.DirectMethodHandle$Holder.invokeStaticInit(java.lang.Object, int, int, int, int)'> (0x00000000d8a61da8) 
thrown [s\src\hotspot\share\interpreter\linkResolver.cpp, line 771]
Event: 0.648 Thread 0x0000022a43627040 Exception <a 'sun/nio/fs/WindowsException'{0x00000000d8865060}> (0x00000000d8865060) 
thrown [s\src\hotspot\share\prims\jni.cpp, line 517]

VM Operations (20 events):
Event: 0.139 Executing VM operation: HandshakeAllThreads
Event: 0.139 Executing VM operation: HandshakeAllThreads done
Event: 0.445 Executing VM operation: G1CollectForAllocation
Event: 0.449 Executing VM operation: G1CollectForAllocation done
Event: 0.536 Executing VM operation: HandshakeAllThreads
Event: 0.536 Executing VM operation: HandshakeAllThreads done
Event: 0.537 Executing VM operation: HandshakeAllThreads
Event: 0.537 Executing VM operation: HandshakeAllThreads done
Event: 0.540 Executing VM operation: HandshakeAllThreads
Event: 0.540 Executing VM operation: HandshakeAllThreads done
Event: 0.562 Executing VM operation: HandshakeAllThreads
Event: 0.562 Executing VM operation: HandshakeAllThreads done
Event: 0.574 Executing VM operation: HandshakeAllThreads
Event: 0.574 Executing VM operation: HandshakeAllThreads done
Event: 0.588 Executing VM operation: HandshakeAllThreads
Event: 0.588 Executing VM operation: HandshakeAllThreads done
Event: 0.596 Executing VM operation: HandshakeAllThreads
Event: 0.596 Executing VM operation: HandshakeAllThreads done
Event: 0.647 Executing VM operation: HandshakeAllThreads
Event: 0.647 Executing VM operation: HandshakeAllThreads done

Events (20 events):
Event: 0.656 loading class java/nio/channels/Channels
Event: 0.657 loading class java/nio/channels/Channels done
Event: 0.657 loading class sun/nio/ch/ChannelInputStream
Event: 0.657 loading class sun/nio/ch/ChannelInputStream done
Event: 0.657 loading class java/nio/channels/SelectableChannel
Event: 0.657 loading class java/nio/channels/SelectableChannel done
Event: 0.657 loading class sun/nio/ch/NativeThread
Event: 0.657 loading class sun/nio/ch/NativeThread done
Event: 0.657 loading class sun/nio/ch/Util
Event: 0.657 loading class sun/nio/ch/Util done
Event: 0.657 loading class sun/nio/ch/Util$1
Event: 0.657 loading class sun/nio/ch/Util$1 done
Event: 0.657 loading class sun/nio/ch/Util$BufferCache
Event: 0.657 loading class sun/nio/ch/Util$BufferCache done
Event: 0.658 loading class sun/nio/ch/IOStatus
Event: 0.658 loading class sun/nio/ch/IOStatus done
Event: 0.690 loading class java/util/PrimitiveIterator$OfInt
Event: 0.690 loading class java/util/PrimitiveIterator
Event: 0.690 loading class java/util/PrimitiveIterator done
Event: 0.690 loading class java/util/PrimitiveIterator$OfInt done


Dynamic libraries:
0x00007ff694f50000 - 0x00007ff694f5a000 	C:\Program Files\JetBrains\IntelliJ IDEA 2023.1.5\jbr\bin\java.exe
0x00007ffa29590000 - 0x00007ffa297a4000 	C:\WINDOWS\SYSTEM32\ntdll.dll
0x00007ffa27ce0000 - 0x00007ffa27da4000 	C:\WINDOWS\System32\KERNEL32.DLL
0x00007ffa26f70000 - 0x00007ffa27314000 	C:\WINDOWS\System32\KERNELBASE.dll
0x00007ffa26e50000 - 0x00007ffa26f61000 	C:\WINDOWS\System32\ucrtbase.dll
0x00007ffa17eb0000 - 0x00007ffa17ec7000 	C:\Program Files\JetBrains\IntelliJ IDEA 2023.1.5\jbr\bin\jli.dll
0x00007ffa1b590000 - 0x00007ffa1b5ab000 	C:\Program Files\JetBrains\IntelliJ IDEA 2023.1.5\jbr\bin\VCRUNTIME140.dll
0x00007ffa279f0000 - 0x00007ffa27b9e000 	C:\WINDOWS\System32\USER32.dll
0x00007ffa26db0000 - 0x00007ffa26dd6000 	C:\WINDOWS\System32\win32u.dll
0x00007ffa27db0000 - 0x00007ffa27dd9000 	C:\WINDOWS\System32\GDI32.dll
0x00007ffa269c0000 - 0x00007ffa26ad8000 	C:\WINDOWS\System32\gdi32full.dll
0x00007ffa26ae0000 - 0x00007ffa26b7a000 	C:\WINDOWS\System32\msvcp_win.dll
0x00007ffa0b2e0000 - 0x00007ffa0b573000 	C:\WINDOWS\WinSxS\amd64_microsoft.windows.common-controls_6595b64144ccf1df_6.0.22621.2215_none_270d72677387dfc3\COMCTL32.dll
0x00007ffa28ef0000 - 0x00007ffa28f97000 	C:\WINDOWS\System32\msvcrt.dll
0x00007ffa27320000 - 0x00007ffa27351000 	C:\WINDOWS\System32\IMM32.DLL
0x00007ffa23620000 - 0x00007ffa2362c000 	C:\Program Files\JetBrains\IntelliJ IDEA 2023.1.5\jbr\bin\vcruntime140_1.dll
0x00007ffa04c10000 - 0x00007ffa04c9d000 	C:\Program Files\JetBrains\IntelliJ IDEA 2023.1.5\jbr\bin\msvcp140.dll
0x00007ff9d5890000 - 0x00007ff9d64fe000 	C:\Program Files\JetBrains\IntelliJ IDEA 2023.1.5\jbr\bin\server\jvm.dll
0x00007ffa27360000 - 0x00007ffa27410000 	C:\WINDOWS\System32\ADVAPI32.dll
0x00007ffa29280000 - 0x00007ffa29326000 	C:\WINDOWS\System32\sechost.dll
0x00007ffa28fa0000 - 0x00007ffa290b7000 	C:\WINDOWS\System32\RPCRT4.dll
0x00007ffa23660000 - 0x00007ffa23669000 	C:\WINDOWS\SYSTEM32\WSOCK32.dll
0x00007ffa28710000 - 0x00007ffa28781000 	C:\WINDOWS\System32\WS2_32.dll
0x00007ffa1c790000 - 0x00007ffa1c7c4000 	C:\WINDOWS\SYSTEM32\WINMM.dll
0x00007ffa1e4c0000 - 0x00007ffa1e4ca000 	C:\WINDOWS\SYSTEM32\VERSION.dll
0x00007ffa25940000 - 0x00007ffa25958000 	C:\WINDOWS\SYSTEM32\kernel.appcore.dll
0x00007ffa1b640000 - 0x00007ffa1b64a000 	C:\Program Files\JetBrains\IntelliJ IDEA 2023.1.5\jbr\bin\jimage.dll
0x00007ffa24210000 - 0x00007ffa2443e000 	C:\WINDOWS\SYSTEM32\DBGHELP.DLL
0x00007ffa27410000 - 0x00007ffa2779a000 	C:\WINDOWS\System32\combase.dll
0x00007ffa29410000 - 0x00007ffa294e7000 	C:\WINDOWS\System32\OLEAUT32.dll
0x00007ffa05f90000 - 0x00007ffa05fc2000 	C:\WINDOWS\SYSTEM32\dbgcore.DLL
0x00007ffa26940000 - 0x00007ffa269ba000 	C:\WINDOWS\System32\bcryptPrimitives.dll
0x00007ffa19970000 - 0x00007ffa19995000 	C:\Program Files\JetBrains\IntelliJ IDEA 2023.1.5\jbr\bin\java.dll
0x00007ffa1b620000 - 0x00007ffa1b638000 	C:\Program Files\JetBrains\IntelliJ IDEA 2023.1.5\jbr\bin\zip.dll
0x00007ffa27de0000 - 0x00007ffa28603000 	C:\WINDOWS\System32\SHELL32.dll
0x00007ffa248d0000 - 0x00007ffa251ba000 	C:\WINDOWS\SYSTEM32\windows.storage.dll
0x00007ffa24790000 - 0x00007ffa248ce000 	C:\WINDOWS\SYSTEM32\wintypes.dll
0x00007ffa28610000 - 0x00007ffa28703000 	C:\WINDOWS\System32\SHCORE.dll
0x00007ffa29330000 - 0x00007ffa2938e000 	C:\WINDOWS\System32\shlwapi.dll
0x00007ffa26870000 - 0x00007ffa26896000 	C:\WINDOWS\SYSTEM32\profapi.dll
0x00007ffa19220000 - 0x00007ffa19239000 	C:\Program Files\JetBrains\IntelliJ IDEA 2023.1.5\jbr\bin\net.dll
0x00007ffa1ef60000 - 0x00007ffa1f097000 	C:\WINDOWS\SYSTEM32\WINHTTP.dll
0x00007ff9f7860000 - 0x00007ff9f7880000 	C:\WINDOWS\system32\PrxerDrv.dll
0x00007ffa25e10000 - 0x00007ffa25e79000 	C:\WINDOWS\system32\mswsock.dll
0x00007ffa18b50000 - 0x00007ffa18b66000 	C:\Program Files\JetBrains\IntelliJ IDEA 2023.1.5\jbr\bin\nio.dll
0x00007ffa25460000 - 0x00007ffa2548d000 	C:\WINDOWS\SYSTEM32\IPHLPAPI.DLL
0x00007ffa277e0000 - 0x00007ffa277e9000 	C:\WINDOWS\System32\NSI.dll
0x00007ffa1eca0000 - 0x00007ffa1ecb9000 	C:\WINDOWS\SYSTEM32\dhcpcsvc6.DLL
0x00007ffa1ec60000 - 0x00007ffa1ec7f000 	C:\WINDOWS\SYSTEM32\dhcpcsvc.DLL
0x00007ffa25490000 - 0x00007ffa25582000 	C:\WINDOWS\SYSTEM32\DNSAPI.dll
0x00007ffa26060000 - 0x00007ffa2607b000 	C:\WINDOWS\SYSTEM32\CRYPTSP.dll
0x00007ffa25900000 - 0x00007ffa25935000 	C:\WINDOWS\system32\rsaenh.dll
0x00007ffa25f00000 - 0x00007ffa25f2c000 	C:\WINDOWS\SYSTEM32\USERENV.dll
0x00007ffa26280000 - 0x00007ffa262a8000 	C:\WINDOWS\SYSTEM32\bcrypt.dll
0x00007ffa265f0000 - 0x00007ffa265fc000 	C:\WINDOWS\SYSTEM32\CRYPTBASE.dll

dbghelp: loaded successfully - version: 4.0.5 - missing functions: none
symbol engine: initialized successfully - sym options: 0x614 - pdb path: .;C:\Program Files\JetBrains\IntelliJ IDEA 2023.1.5\jbr\bin;C:\WINDOWS\SYSTEM32;C:\WINDOWS\WinSxS\amd64_microsoft.windows.common-controls_6595b64144ccf1df_6.0.22621.2215_none_270d72677387dfc3;C:\Program Files\JetBrains\IntelliJ IDEA 2023.1.5\jbr\bin\server

VM Arguments:
jvm_args: -Djava.rmi.server.hostname=127.0.0.1 -Duser.timezone=UTC -Xmx750m -Xms128m --add-exports=java.desktop/sun.awt=ALL-UNNAMED --add-exports=java.desktop/java.awt.peer=ALL-UNNAMED --add-opens=java.desktop/java.awt=ALL-UNNAMED --add-opens=jdk.unsupported/sun.misc=ALL-UNNAMED --add-opens=java.base/java.nio=ALL-UNNAMED --add-opens=java.base/java.util=ALL-UNNAMED -Dfile.encoding=UTF-8 
java_command: com.intellij.database.remote.RemoteJdbcServer com.dbschema.MongoJdbcDriver
java_class_path (initial): C:\Program Files\JetBrains\IntelliJ IDEA 2023.1.5\lib\util_rt.jar;C:\Program Files\JetBrains\IntelliJ IDEA 2023.1.5\lib\util-8.jar;C:\Program Files\JetBrains\IntelliJ IDEA 2023.1.5\lib\groovy.jar;C:\Program Files\JetBrains\IntelliJ IDEA 2023.1.5\plugins\DatabaseTools\lib\jdbc-console.jar;C:\Program Files\JetBrains\IntelliJ IDEA 2023.1.5\plugins\grid-core-impl\lib\jdbc-console-types.jar;C:\Program Files\JetBrains\IntelliJ IDEA 2023.1.5\lib\util.jar;C:\Users\Maleen Ashinshana\AppData\Roaming\JetBrains\IntelliJIdea2023.1\jdbc-drivers\MongoDB\1.18\mongo-jdbc-standalone-1.18.jar
Launcher Type: SUN_STANDARD

[Global flags]
     intx CICompilerCount                          = 3                                         {product} {ergonomic}
     uint ConcGCThreads                            = 1                                         {product} {ergonomic}
     uint G1ConcRefinementThreads                  = 4                                         {product} {ergonomic}
   size_t G1HeapRegionSize                         = 1048576                                   {product} {ergonomic}
    uintx GCDrainStackTargetSize                   = 64                                        {product} {ergonomic}
   size_t InitialHeapSize                          = 134217728                                 {product} {command line}
   size_t MarkStackSize                            = 4194304                                   {product} {ergonomic}
   size_t MaxHeapSize                              = 786432000                                 {product} {command line}
   size_t MaxNewSize                               = 471859200                                 {product} {ergonomic}
   size_t MinHeapDeltaBytes                        = 1048576                                   {product} {ergonomic}
   size_t MinHeapSize                              = 134217728                                 {product} {command line}
    uintx NonNMethodCodeHeapSize                   = 5832780                                {pd product} {ergonomic}
    uintx NonProfiledCodeHeapSize                  = 122912730                              {pd product} {ergonomic}
    uintx ProfiledCodeHeapSize                     = 122912730                              {pd product} {ergonomic}
    uintx ReservedCodeCacheSize                    = 251658240                              {pd product} {ergonomic}
     bool SegmentedCodeCache                       = true                                      {product} {ergonomic}
   size_t SoftMaxHeapSize                          = 786432000                              {manageable} {ergonomic}
     bool UseCompressedClassPointers               = true                           {product lp64_product} {ergonomic}
     bool UseCompressedOops                        = true                           {product lp64_product} {ergonomic}
     bool UseG1GC                                  = true                                      {product} {ergonomic}
     bool UseLargePagesIndividualAllocation        = false                                  {pd product} {ergonomic}

Logging:
Log output configuration:
 #0: stdout all=warning uptime,level,tags
 #1: stderr all=off uptime,level,tags

Environment Variables:
JAVA_HOME=C:\Program Files\Java\jdk-11.0.16
PATH=C:\Program Files\Common Files\Oracle\Java\javapath;C:\Program Files (x86)\Common Files\Oracle\Java\javapath;C:\WINDOWS\system32;C:\WINDOWS;C:\WINDOWS\System32\Wbem;C:\WINDOWS\System32\WindowsPowerShell\v1.0\;C:\WINDOWS\System32\OpenSSH\;C:\Program Files\Java\jdk1.8.0_271\bin;D:\Git\cmd;C:\Program Files\nodejs\;C:\Program Files\MySQL\MySQL Shell 8.0\bin\;C:\Users\Maleen Ashinshana\AppData\Local\Microsoft\WindowsApps;C:\Program Files\JetBrains\IntelliJ IDEA 2023.1.5\bin;;C:\Users\Maleen Ashinshana\AppData\Local\Programs\Microsoft VS Code\bin;C:\Users\Maleen Ashinshana\AppData\Roaming\npm
USERNAME=Maleen Ashinshana
OS=Windows_NT
PROCESSOR_IDENTIFIER=Intel64 Family 6 Model 140 Stepping 1, GenuineIntel
TMP=C:\Users\MALEEN~1\AppData\Local\Temp
TEMP=C:\Users\MALEEN~1\AppData\Local\Temp


JNI global refs:
JNI global refs: 14, weak refs: 0

JNI global refs memory usage: 843, weak refs: 841


---------------  S Y S T E M  ---------------

OS:
 Windows 11 , 64 bit Build 22621 (10.0.22621.2215)
OS uptime: 10 days 14:09 hours

CPU: total 4 (initial active 4) (2 cores per cpu, 2 threads per core) family 6 model 140 stepping 1 microcode 0xa4, cx8, cmov, fxsr, ht, mmx, 3dnowpref, sse, sse2, sse3, ssse3, sse4.1, sse4.2, popcnt, lzcnt, tsc, tscinvbit, avx, avx2, aes, erms, clmul, bmi1, bmi2, adx, avx512f, avx512dq, avx512cd, avx512bw, avx512vl, sha, fma, vzeroupper, avx512_vpopcntdq, avx512_vpclmulqdq, avx512_vaes, avx512_vnni, clflush, clflushopt, clwb, avx512_vbmi2, avx512_vbmi

Memory: 4k page, system-wide physical 7926M (485M free)
TotalPageFile size 20214M (AvailPageFile size 2M)
current process WorkingSet (physical memory assigned to process): 75M, peak: 75M
current process commit charge ("private bytes"): 216M, peak: 216M

vm_info: OpenJDK 64-Bit Server VM (17.0.7+10-b829.16) for windows-amd64 JRE (17.0.7+10-b829.16), built on 2023-06-02 by "builduser" with MS VC++ 16.10 / 16.11 (VS2019)

END.
